{"/home/dev/Documentos/expo/coffe-delivery/src/DataProducts/dataListCoffee.ts": {"path":"/home/dev/Documentos/expo/coffe-delivery/src/DataProducts/dataListCoffee.ts","statementMap":{"0":{"start":{"line":18,"column":53},"end":{"line":133,"column":1}}},"fnMap":{},"branchMap":{},"s":{"0":0},"f":{},"b":{}}
,"/home/dev/Documentos/expo/coffe-delivery/src/assets/assets.d.ts": {"path":"/home/dev/Documentos/expo/coffe-delivery/src/assets/assets.d.ts","statementMap":{},"fnMap":{},"branchMap":{},"s":{},"f":{},"b":{}}
,"/home/dev/Documentos/expo/coffe-delivery/src/components/Button/index.tsx": {"path":"/home/dev/Documentos/expo/coffe-delivery/src/components/Button/index.tsx","statementMap":{"0":{"start":{"line":10,"column":22},"end":{"line":16,"column":1}},"1":{"start":{"line":11,"column":2},"end":{"line":15,"column":3}}},"fnMap":{"0":{"name":"(anonymous_0)","decl":{"start":{"line":10,"column":22},"end":{"line":10,"column":23}},"loc":{"start":{"line":10,"column":79},"end":{"line":16,"column":1}},"line":10}},"branchMap":{"0":{"loc":{"start":{"line":10,"column":38},"end":{"line":10,"column":56}},"type":"default-arg","locations":[{"start":{"line":10,"column":51},"end":{"line":10,"column":56}}],"line":10}},"s":{"0":1,"1":2},"f":{"0":2},"b":{"0":[2]},"_coverageSchema":"1a1c01bbd47fc00a2c39e90264f33305004495a9","hash":"0a3ec21815b52f661e8c3d10bd32c85193ef79a5"}
,"/home/dev/Documentos/expo/coffe-delivery/src/components/ButtonCart/index.tsx": {"path":"/home/dev/Documentos/expo/coffe-delivery/src/components/ButtonCart/index.tsx","statementMap":{"0":{"start":{"line":13,"column":26},"end":{"line":29,"column":1}},"1":{"start":{"line":14,"column":16},"end":{"line":14,"column":26}},"2":{"start":{"line":16,"column":16},"end":{"line":18,"column":30}},"3":{"start":{"line":19,"column":2},"end":{"line":28,"column":3}}},"fnMap":{"0":{"name":"(anonymous_0)","decl":{"start":{"line":13,"column":26},"end":{"line":13,"column":27}},"loc":{"start":{"line":13,"column":78},"end":{"line":29,"column":1}},"line":13}},"branchMap":{"0":{"loc":{"start":{"line":16,"column":16},"end":{"line":18,"column":30}},"type":"cond-expr","locations":[{"start":{"line":17,"column":6},"end":{"line":17,"column":25}},{"start":{"line":18,"column":6},"end":{"line":18,"column":30}}],"line":16},"1":{"loc":{"start":{"line":21,"column":7},"end":{"line":25,"column":7}},"type":"binary-expr","locations":[{"start":{"line":21,"column":7},"end":{"line":21,"column":27}},{"start":{"line":22,"column":8},"end":{"line":24,"column":20}}],"line":21}},"s":{"0":1,"1":2,"2":2,"3":2},"f":{"0":2},"b":{"0":[1,1],"1":[2,1]},"_coverageSchema":"1a1c01bbd47fc00a2c39e90264f33305004495a9","hash":"182450fbc2529848c246f2343dc88e120255ca58"}
,"/home/dev/Documentos/expo/coffe-delivery/src/components/ButtonCounter/index.tsx": {"path":"/home/dev/Documentos/expo/coffe-delivery/src/components/ButtonCounter/index.tsx","statementMap":{"0":{"start":{"line":14,"column":29},"end":{"line":36,"column":1}},"1":{"start":{"line":19,"column":16},"end":{"line":19,"column":26}},"2":{"start":{"line":21,"column":2},"end":{"line":35,"column":3}}},"fnMap":{"0":{"name":"(anonymous_0)","decl":{"start":{"line":14,"column":29},"end":{"line":14,"column":30}},"loc":{"start":{"line":18,"column":13},"end":{"line":36,"column":1}},"line":18}},"branchMap":{},"s":{"0":1,"1":1,"2":1},"f":{"0":1},"b":{},"_coverageSchema":"1a1c01bbd47fc00a2c39e90264f33305004495a9","hash":"629a7f4fee846e3fd4117fb888e21976241879d8"}
,"/home/dev/Documentos/expo/coffe-delivery/src/components/ButtonIcon/index.tsx": {"path":"/home/dev/Documentos/expo/coffe-delivery/src/components/ButtonIcon/index.tsx","statementMap":{"0":{"start":{"line":18,"column":26},"end":{"line":18,"column":69}},"1":{"start":{"line":20,"column":26},"end":{"line":55,"column":1}},"2":{"start":{"line":25,"column":16},"end":{"line":25,"column":26}},"3":{"start":{"line":26,"column":22},"end":{"line":26,"column":56}},"4":{"start":{"line":28,"column":30},"end":{"line":36,"column":4}},"5":{"start":{"line":29,"column":4},"end":{"line":35,"column":5}},"6":{"start":{"line":38,"column":20},"end":{"line":40,"column":3}},"7":{"start":{"line":39,"column":4},"end":{"line":39,"column":37}},"8":{"start":{"line":41,"column":21},"end":{"line":43,"column":3}},"9":{"start":{"line":42,"column":4},"end":{"line":42,"column":37}},"10":{"start":{"line":44,"column":2},"end":{"line":54,"column":3}}},"fnMap":{"0":{"name":"(anonymous_0)","decl":{"start":{"line":20,"column":26},"end":{"line":20,"column":27}},"loc":{"start":{"line":24,"column":23},"end":{"line":55,"column":1}},"line":24},"1":{"name":"(anonymous_1)","decl":{"start":{"line":28,"column":47},"end":{"line":28,"column":48}},"loc":{"start":{"line":28,"column":53},"end":{"line":36,"column":3}},"line":28},"2":{"name":"(anonymous_2)","decl":{"start":{"line":38,"column":20},"end":{"line":38,"column":21}},"loc":{"start":{"line":38,"column":26},"end":{"line":40,"column":3}},"line":38},"3":{"name":"(anonymous_3)","decl":{"start":{"line":41,"column":21},"end":{"line":41,"column":22}},"loc":{"start":{"line":41,"column":27},"end":{"line":43,"column":3}},"line":41}},"branchMap":{"0":{"loc":{"start":{"line":26,"column":37},"end":{"line":26,"column":55}},"type":"cond-expr","locations":[{"start":{"line":26,"column":50},"end":{"line":26,"column":51}},{"start":{"line":26,"column":54},"end":{"line":26,"column":55}}],"line":26}},"s":{"0":2,"1":2,"2":3,"3":3,"4":3,"5":3,"6":3,"7":0,"8":3,"9":0,"10":3},"f":{"0":3,"1":3,"2":0,"3":0},"b":{"0":[0,3]},"_coverageSchema":"1a1c01bbd47fc00a2c39e90264f33305004495a9","hash":"ab6371a84e6b7ec1b15fa1a681a86ed4e432cfcb"}
,"/home/dev/Documentos/expo/coffe-delivery/src/components/ButtonOptionsSelect/index.tsx": {"path":"/home/dev/Documentos/expo/coffe-delivery/src/components/ButtonOptionsSelect/index.tsx","statementMap":{"0":{"start":{"line":9,"column":35},"end":{"line":21,"column":1}},"1":{"start":{"line":14,"column":2},"end":{"line":20,"column":3}}},"fnMap":{"0":{"name":"(anonymous_0)","decl":{"start":{"line":9,"column":35},"end":{"line":9,"column":36}},"loc":{"start":{"line":13,"column":13},"end":{"line":21,"column":1}},"line":13}},"branchMap":{"0":{"loc":{"start":{"line":10,"column":2},"end":{"line":10,"column":20}},"type":"default-arg","locations":[{"start":{"line":10,"column":15},"end":{"line":10,"column":20}}],"line":10}},"s":{"0":1,"1":2},"f":{"0":2},"b":{"0":[1]},"_coverageSchema":"1a1c01bbd47fc00a2c39e90264f33305004495a9","hash":"b05a70867a4e6466412fe77c02c5a38e9958a579"}
,"/home/dev/Documentos/expo/coffe-delivery/src/components/CardCatalogCoffee/index.tsx": {"path":"/home/dev/Documentos/expo/coffe-delivery/src/components/CardCatalogCoffee/index.tsx","statementMap":{"0":{"start":{"line":13,"column":33},"end":{"line":44,"column":1}},"1":{"start":{"line":14,"column":21},"end":{"line":14,"column":54}},"2":{"start":{"line":16,"column":2},"end":{"line":43,"column":3}},"3":{"start":{"line":20,"column":21},"end":{"line":20,"column":68}}},"fnMap":{"0":{"name":"(anonymous_0)","decl":{"start":{"line":13,"column":33},"end":{"line":13,"column":34}},"loc":{"start":{"line":13,"column":70},"end":{"line":44,"column":1}},"line":13},"1":{"name":"(anonymous_1)","decl":{"start":{"line":20,"column":15},"end":{"line":20,"column":16}},"loc":{"start":{"line":20,"column":21},"end":{"line":20,"column":68}},"line":20}},"branchMap":{},"s":{"0":1,"1":1,"2":1,"3":0},"f":{"0":1,"1":0},"b":{},"_coverageSchema":"1a1c01bbd47fc00a2c39e90264f33305004495a9","hash":"ae86894c0ff7619c584f6da4c9eccbc12cf51c1c"}
,"/home/dev/Documentos/expo/coffe-delivery/src/components/HeaderScreen/index.tsx": {"path":"/home/dev/Documentos/expo/coffe-delivery/src/components/HeaderScreen/index.tsx","statementMap":{"0":{"start":{"line":11,"column":28},"end":{"line":22,"column":1}},"1":{"start":{"line":12,"column":16},"end":{"line":12,"column":26}},"2":{"start":{"line":13,"column":21},"end":{"line":13,"column":36}},"3":{"start":{"line":14,"column":2},"end":{"line":21,"column":3}},"4":{"start":{"line":16,"column":35},"end":{"line":16,"column":54}}},"fnMap":{"0":{"name":"(anonymous_0)","decl":{"start":{"line":11,"column":28},"end":{"line":11,"column":29}},"loc":{"start":{"line":11,"column":50},"end":{"line":22,"column":1}},"line":11},"1":{"name":"(anonymous_1)","decl":{"start":{"line":16,"column":29},"end":{"line":16,"column":30}},"loc":{"start":{"line":16,"column":35},"end":{"line":16,"column":54}},"line":16}},"branchMap":{},"s":{"0":0,"1":0,"2":0,"3":0,"4":0},"f":{"0":0,"1":0},"b":{}}
,"/home/dev/Documentos/expo/coffe-delivery/src/components/InputSearch/index.tsx": {"path":"/home/dev/Documentos/expo/coffe-delivery/src/components/InputSearch/index.tsx","statementMap":{"0":{"start":{"line":13,"column":27},"end":{"line":31,"column":1}},"1":{"start":{"line":18,"column":16},"end":{"line":18,"column":26}},"2":{"start":{"line":19,"column":20},"end":{"line":19,"column":73}},"3":{"start":{"line":21,"column":2},"end":{"line":30,"column":3}}},"fnMap":{"0":{"name":"(anonymous_0)","decl":{"start":{"line":13,"column":27},"end":{"line":13,"column":28}},"loc":{"start":{"line":17,"column":24},"end":{"line":31,"column":1}},"line":17}},"branchMap":{"0":{"loc":{"start":{"line":19,"column":20},"end":{"line":19,"column":73}},"type":"cond-expr","locations":[{"start":{"line":19,"column":30},"end":{"line":19,"column":49}},{"start":{"line":19,"column":52},"end":{"line":19,"column":73}}],"line":19}},"s":{"0":0,"1":0,"2":0,"3":0},"f":{"0":0},"b":{"0":[0,0]}}
,"/home/dev/Documentos/expo/coffe-delivery/src/components/Tag/index.tsx": {"path":"/home/dev/Documentos/expo/coffe-delivery/src/components/Tag/index.tsx","statementMap":{"0":{"start":{"line":9,"column":19},"end":{"line":17,"column":1}},"1":{"start":{"line":10,"column":2},"end":{"line":16,"column":3}}},"fnMap":{"0":{"name":"(anonymous_0)","decl":{"start":{"line":9,"column":19},"end":{"line":9,"column":20}},"loc":{"start":{"line":9,"column":72},"end":{"line":17,"column":1}},"line":9}},"branchMap":{},"s":{"0":1,"1":2},"f":{"0":2},"b":{},"_coverageSchema":"1a1c01bbd47fc00a2c39e90264f33305004495a9","hash":"d6b7619db1738b4fb807a1fc39fb42cf3039d1a8"}
,"/home/dev/Documentos/expo/coffe-delivery/src/components/ToastMessage/index.tsx": {"path":"/home/dev/Documentos/expo/coffe-delivery/src/components/ToastMessage/index.tsx","statementMap":{"0":{"start":{"line":12,"column":28},"end":{"line":37,"column":1}},"1":{"start":{"line":13,"column":16},"end":{"line":13,"column":26}},"2":{"start":{"line":14,"column":21},"end":{"line":14,"column":54}},"3":{"start":{"line":15,"column":22},"end":{"line":15,"column":27}},"4":{"start":{"line":17,"column":27},"end":{"line":17,"column":66}},"5":{"start":{"line":19,"column":2},"end":{"line":36,"column":3}},"6":{"start":{"line":31,"column":31},"end":{"line":31,"column":58}}},"fnMap":{"0":{"name":"(anonymous_0)","decl":{"start":{"line":12,"column":28},"end":{"line":12,"column":29}},"loc":{"start":{"line":12,"column":55},"end":{"line":37,"column":1}},"line":12},"1":{"name":"(anonymous_1)","decl":{"start":{"line":31,"column":25},"end":{"line":31,"column":26}},"loc":{"start":{"line":31,"column":31},"end":{"line":31,"column":58}},"line":31}},"branchMap":{"0":{"loc":{"start":{"line":17,"column":27},"end":{"line":17,"column":66}},"type":"cond-expr","locations":[{"start":{"line":17,"column":50},"end":{"line":17,"column":57}},{"start":{"line":17,"column":60},"end":{"line":17,"column":66}}],"line":17}},"s":{"0":0,"1":0,"2":0,"3":0,"4":0,"5":0,"6":0},"f":{"0":0,"1":0},"b":{"0":[0,0]}}
,"/home/dev/Documentos/expo/coffe-delivery/src/contexts/contextProductsStorage.tsx": {"path":"/home/dev/Documentos/expo/coffe-delivery/src/contexts/contextProductsStorage.tsx","statementMap":{"0":{"start":{"line":16,"column":27},"end":{"line":16,"column":67}},"1":{"start":{"line":18,"column":35},"end":{"line":43,"column":1}},"2":{"start":{"line":19,"column":50},"end":{"line":19,"column":80}},"3":{"start":{"line":21,"column":25},"end":{"line":28,"column":3}},"4":{"start":{"line":22,"column":4},"end":{"line":27,"column":5}},"5":{"start":{"line":23,"column":22},"end":{"line":23,"column":51}},"6":{"start":{"line":24,"column":6},"end":{"line":24,"column":34}},"7":{"start":{"line":26,"column":6},"end":{"line":26,"column":52}},"8":{"start":{"line":30,"column":25},"end":{"line":32,"column":3}},"9":{"start":{"line":31,"column":4},"end":{"line":31,"column":36}},"10":{"start":{"line":34,"column":2},"end":{"line":36,"column":8}},"11":{"start":{"line":35,"column":4},"end":{"line":35,"column":20}},"12":{"start":{"line":38,"column":2},"end":{"line":42,"column":3}},"13":{"start":{"line":45,"column":34},"end":{"line":45,"column":70}},"14":{"start":{"line":45,"column":40},"end":{"line":45,"column":70}}},"fnMap":{"0":{"name":"(anonymous_0)","decl":{"start":{"line":18,"column":35},"end":{"line":18,"column":36}},"loc":{"start":{"line":18,"column":78},"end":{"line":43,"column":1}},"line":18},"1":{"name":"(anonymous_1)","decl":{"start":{"line":21,"column":25},"end":{"line":21,"column":26}},"loc":{"start":{"line":21,"column":37},"end":{"line":28,"column":3}},"line":21},"2":{"name":"(anonymous_2)","decl":{"start":{"line":30,"column":25},"end":{"line":30,"column":26}},"loc":{"start":{"line":30,"column":60},"end":{"line":32,"column":3}},"line":30},"3":{"name":"(anonymous_3)","decl":{"start":{"line":34,"column":12},"end":{"line":34,"column":13}},"loc":{"start":{"line":34,"column":18},"end":{"line":36,"column":3}},"line":34},"4":{"name":"(anonymous_4)","decl":{"start":{"line":45,"column":34},"end":{"line":45,"column":35}},"loc":{"start":{"line":45,"column":40},"end":{"line":45,"column":70}},"line":45}},"branchMap":{},"s":{"0":0,"1":0,"2":0,"3":0,"4":0,"5":0,"6":0,"7":0,"8":0,"9":0,"10":0,"11":0,"12":0,"13":0,"14":0},"f":{"0":0,"1":0,"2":0,"3":0,"4":0},"b":{}}
,"/home/dev/Documentos/expo/coffe-delivery/src/hooks/useCartPrice.ts": {"path":"/home/dev/Documentos/expo/coffe-delivery/src/hooks/useCartPrice.ts","statementMap":{"0":{"start":{"line":5,"column":28},"end":{"line":34,"column":1}},"1":{"start":{"line":6,"column":54},"end":{"line":8,"column":3}},"2":{"start":{"line":9,"column":31},"end":{"line":9,"column":51}},"3":{"start":{"line":11,"column":38},"end":{"line":17,"column":3}},"4":{"start":{"line":12,"column":23},"end":{"line":15,"column":9}},"5":{"start":{"line":13,"column":20},"end":{"line":13,"column":57}},"6":{"start":{"line":14,"column":6},"end":{"line":14,"column":24}},"7":{"start":{"line":16,"column":4},"end":{"line":16,"column":56}},"8":{"start":{"line":19,"column":35},"end":{"line":22,"column":3}},"9":{"start":{"line":20,"column":28},"end":{"line":20,"column":75}},"10":{"start":{"line":21,"column":4},"end":{"line":21,"column":42}},"11":{"start":{"line":24,"column":2},"end":{"line":27,"column":24}},"12":{"start":{"line":25,"column":4},"end":{"line":25,"column":40}},"13":{"start":{"line":25,"column":34},"end":{"line":25,"column":40}},"14":{"start":{"line":26,"column":4},"end":{"line":26,"column":49}},"15":{"start":{"line":29,"column":2},"end":{"line":33,"column":3}}},"fnMap":{"0":{"name":"(anonymous_0)","decl":{"start":{"line":5,"column":28},"end":{"line":5,"column":29}},"loc":{"start":{"line":5,"column":34},"end":{"line":34,"column":1}},"line":5},"1":{"name":"(anonymous_1)","decl":{"start":{"line":11,"column":38},"end":{"line":11,"column":39}},"loc":{"start":{"line":11,"column":70},"end":{"line":17,"column":3}},"line":11},"2":{"name":"(anonymous_2)","decl":{"start":{"line":12,"column":39},"end":{"line":12,"column":40}},"loc":{"start":{"line":12,"column":57},"end":{"line":15,"column":5}},"line":12},"3":{"name":"(anonymous_3)","decl":{"start":{"line":19,"column":35},"end":{"line":19,"column":36}},"loc":{"start":{"line":19,"column":54},"end":{"line":22,"column":3}},"line":19},"4":{"name":"(anonymous_4)","decl":{"start":{"line":24,"column":12},"end":{"line":24,"column":13}},"loc":{"start":{"line":24,"column":18},"end":{"line":27,"column":3}},"line":24}},"branchMap":{"0":{"loc":{"start":{"line":25,"column":4},"end":{"line":25,"column":40}},"type":"if","locations":[{"start":{"line":25,"column":4},"end":{"line":25,"column":40}},{"start":{},"end":{}}],"line":25}},"s":{"0":0,"1":0,"2":0,"3":0,"4":0,"5":0,"6":0,"7":0,"8":0,"9":0,"10":0,"11":0,"12":0,"13":0,"14":0,"15":0},"f":{"0":0,"1":0,"2":0,"3":0,"4":0},"b":{"0":[0,0]}}
,"/home/dev/Documentos/expo/coffe-delivery/src/hooks/useCartProduct.ts": {"path":"/home/dev/Documentos/expo/coffe-delivery/src/hooks/useCartProduct.ts","statementMap":{"0":{"start":{"line":11,"column":30},"end":{"line":44,"column":1}},"1":{"start":{"line":12,"column":34},"end":{"line":12,"column":60}},"2":{"start":{"line":13,"column":47},"end":{"line":13,"column":67}},"3":{"start":{"line":15,"column":32},"end":{"line":18,"column":3}},"4":{"start":{"line":16,"column":4},"end":{"line":16,"column":45}},"5":{"start":{"line":16,"column":31},"end":{"line":16,"column":44}},"6":{"start":{"line":17,"column":4},"end":{"line":17,"column":40}},"7":{"start":{"line":20,"column":32},"end":{"line":24,"column":3}},"8":{"start":{"line":21,"column":4},"end":{"line":21,"column":30}},"9":{"start":{"line":21,"column":24},"end":{"line":21,"column":30}},"10":{"start":{"line":22,"column":4},"end":{"line":22,"column":45}},"11":{"start":{"line":22,"column":31},"end":{"line":22,"column":44}},"12":{"start":{"line":23,"column":4},"end":{"line":23,"column":45}},"13":{"start":{"line":26,"column":30},"end":{"line":36,"column":3}},"14":{"start":{"line":27,"column":29},"end":{"line":29,"column":5}},"15":{"start":{"line":28,"column":19},"end":{"line":28,"column":41}},"16":{"start":{"line":30,"column":4},"end":{"line":30,"column":36}},"17":{"start":{"line":31,"column":4},"end":{"line":35,"column":5}},"18":{"start":{"line":32,"column":6},"end":{"line":32,"column":52}},"19":{"start":{"line":34,"column":6},"end":{"line":34,"column":53}},"20":{"start":{"line":38,"column":2},"end":{"line":43,"column":3}}},"fnMap":{"0":{"name":"(anonymous_0)","decl":{"start":{"line":11,"column":30},"end":{"line":11,"column":31}},"loc":{"start":{"line":11,"column":72},"end":{"line":44,"column":1}},"line":11},"1":{"name":"(anonymous_1)","decl":{"start":{"line":15,"column":32},"end":{"line":15,"column":33}},"loc":{"start":{"line":15,"column":38},"end":{"line":18,"column":3}},"line":15},"2":{"name":"(anonymous_2)","decl":{"start":{"line":16,"column":16},"end":{"line":16,"column":17}},"loc":{"start":{"line":16,"column":31},"end":{"line":16,"column":44}},"line":16},"3":{"name":"(anonymous_3)","decl":{"start":{"line":20,"column":32},"end":{"line":20,"column":33}},"loc":{"start":{"line":20,"column":38},"end":{"line":24,"column":3}},"line":20},"4":{"name":"(anonymous_4)","decl":{"start":{"line":22,"column":16},"end":{"line":22,"column":17}},"loc":{"start":{"line":22,"column":31},"end":{"line":22,"column":44}},"line":22},"5":{"name":"(anonymous_5)","decl":{"start":{"line":26,"column":30},"end":{"line":26,"column":31}},"loc":{"start":{"line":26,"column":52},"end":{"line":36,"column":3}},"line":26},"6":{"name":"(anonymous_6)","decl":{"start":{"line":28,"column":6},"end":{"line":28,"column":7}},"loc":{"start":{"line":28,"column":19},"end":{"line":28,"column":41}},"line":28}},"branchMap":{"0":{"loc":{"start":{"line":21,"column":4},"end":{"line":21,"column":30}},"type":"if","locations":[{"start":{"line":21,"column":4},"end":{"line":21,"column":30}},{"start":{},"end":{}}],"line":21}},"s":{"0":0,"1":0,"2":0,"3":0,"4":0,"5":0,"6":0,"7":0,"8":0,"9":0,"10":0,"11":0,"12":0,"13":0,"14":0,"15":0,"16":0,"17":0,"18":0,"19":0,"20":0},"f":{"0":0,"1":0,"2":0,"3":0,"4":0,"5":0,"6":0},"b":{"0":[0,0]}}
,"/home/dev/Documentos/expo/coffe-delivery/src/hooks/useCep.ts": {"path":"/home/dev/Documentos/expo/coffe-delivery/src/hooks/useCep.ts","statementMap":{"0":{"start":{"line":12,"column":22},"end":{"line":74,"column":1}},"1":{"start":{"line":19,"column":6},"end":{"line":29,"column":4}},"2":{"start":{"line":30,"column":21},"end":{"line":30,"column":54}},"3":{"start":{"line":31,"column":18},"end":{"line":31,"column":34}},"4":{"start":{"line":33,"column":28},"end":{"line":41,"column":3}},"5":{"start":{"line":35,"column":6},"end":{"line":35,"column":41}},"6":{"start":{"line":36,"column":6},"end":{"line":36,"column":39}},"7":{"start":{"line":37,"column":6},"end":{"line":37,"column":39}},"8":{"start":{"line":38,"column":6},"end":{"line":38,"column":32}},"9":{"start":{"line":43,"column":29},"end":{"line":55,"column":3}},"10":{"start":{"line":45,"column":6},"end":{"line":52,"column":7}},"11":{"start":{"line":46,"column":25},"end":{"line":48,"column":9}},"12":{"start":{"line":49,"column":8},"end":{"line":49,"column":31}},"13":{"start":{"line":51,"column":8},"end":{"line":51,"column":48}},"14":{"start":{"line":57,"column":27},"end":{"line":61,"column":3}},"15":{"start":{"line":58,"column":28},"end":{"line":58,"column":32}},"16":{"start":{"line":59,"column":4},"end":{"line":59,"column":39}},"17":{"start":{"line":60,"column":4},"end":{"line":60,"column":44}},"18":{"start":{"line":63,"column":2},"end":{"line":67,"column":45}},"19":{"start":{"line":64,"column":4},"end":{"line":64,"column":45}},"20":{"start":{"line":65,"column":4},"end":{"line":65,"column":36}},"21":{"start":{"line":65,"column":30},"end":{"line":65,"column":36}},"22":{"start":{"line":66,"column":4},"end":{"line":66,"column":31}},"23":{"start":{"line":68,"column":2},"end":{"line":73,"column":3}}},"fnMap":{"0":{"name":"(anonymous_0)","decl":{"start":{"line":12,"column":22},"end":{"line":12,"column":23}},"loc":{"start":{"line":12,"column":28},"end":{"line":74,"column":1}},"line":12},"1":{"name":"(anonymous_1)","decl":{"start":{"line":34,"column":4},"end":{"line":34,"column":5}},"loc":{"start":{"line":34,"column":28},"end":{"line":39,"column":5}},"line":34},"2":{"name":"(anonymous_2)","decl":{"start":{"line":44,"column":4},"end":{"line":44,"column":5}},"loc":{"start":{"line":44,"column":31},"end":{"line":53,"column":5}},"line":44},"3":{"name":"(anonymous_3)","decl":{"start":{"line":57,"column":27},"end":{"line":57,"column":28}},"loc":{"start":{"line":57,"column":48},"end":{"line":61,"column":3}},"line":57},"4":{"name":"(anonymous_4)","decl":{"start":{"line":63,"column":12},"end":{"line":63,"column":13}},"loc":{"start":{"line":63,"column":18},"end":{"line":67,"column":3}},"line":63}},"branchMap":{"0":{"loc":{"start":{"line":65,"column":4},"end":{"line":65,"column":36}},"type":"if","locations":[{"start":{"line":65,"column":4},"end":{"line":65,"column":36}},{"start":{},"end":{}}],"line":65}},"s":{"0":0,"1":0,"2":0,"3":0,"4":0,"5":0,"6":0,"7":0,"8":0,"9":0,"10":0,"11":0,"12":0,"13":0,"14":0,"15":0,"16":0,"17":0,"18":0,"19":0,"20":0,"21":0,"22":0,"23":0},"f":{"0":0,"1":0,"2":0,"3":0,"4":0},"b":{"0":[0,0]}}
,"/home/dev/Documentos/expo/coffe-delivery/src/hooks/useProduct.ts": {"path":"/home/dev/Documentos/expo/coffe-delivery/src/hooks/useProduct.ts","statementMap":{"0":{"start":{"line":11,"column":26},"end":{"line":92,"column":1}},"1":{"start":{"line":12,"column":21},"end":{"line":12,"column":36}},"2":{"start":{"line":13,"column":46},"end":{"line":13,"column":75}},"3":{"start":{"line":14,"column":46},"end":{"line":14,"column":57}},"4":{"start":{"line":15,"column":38},"end":{"line":17,"column":3}},"5":{"start":{"line":18,"column":40},"end":{"line":18,"column":69}},"6":{"start":{"line":19,"column":47},"end":{"line":19,"column":67}},"7":{"start":{"line":21,"column":21},"end":{"line":21,"column":54}},"8":{"start":{"line":23,"column":31},"end":{"line":32,"column":3}},"9":{"start":{"line":24,"column":4},"end":{"line":28,"column":5}},"10":{"start":{"line":25,"column":6},"end":{"line":25,"column":29}},"11":{"start":{"line":26,"column":6},"end":{"line":26,"column":38}},"12":{"start":{"line":27,"column":6},"end":{"line":27,"column":12}},"13":{"start":{"line":29,"column":4},"end":{"line":29,"column":27}},"14":{"start":{"line":30,"column":21},"end":{"line":30,"column":62}},"15":{"start":{"line":31,"column":4},"end":{"line":31,"column":47}},"16":{"start":{"line":34,"column":32},"end":{"line":36,"column":3}},"17":{"start":{"line":35,"column":4},"end":{"line":35,"column":51}},"18":{"start":{"line":35,"column":37},"end":{"line":35,"column":50}},"19":{"start":{"line":38,"column":32},"end":{"line":41,"column":3}},"20":{"start":{"line":39,"column":4},"end":{"line":39,"column":36}},"21":{"start":{"line":39,"column":30},"end":{"line":39,"column":36}},"22":{"start":{"line":40,"column":4},"end":{"line":40,"column":51}},"23":{"start":{"line":40,"column":37},"end":{"line":40,"column":50}},"24":{"start":{"line":43,"column":33},"end":{"line":63,"column":3}},"25":{"start":{"line":44,"column":28},"end":{"line":46,"column":5}},"26":{"start":{"line":45,"column":19},"end":{"line":45,"column":52}},"27":{"start":{"line":47,"column":4},"end":{"line":47,"column":31}},"28":{"start":{"line":47,"column":25},"end":{"line":47,"column":31}},"29":{"start":{"line":49,"column":39},"end":{"line":53,"column":5}},"30":{"start":{"line":54,"column":4},"end":{"line":54,"column":53}},"31":{"start":{"line":55,"column":4},"end":{"line":59,"column":5}},"32":{"start":{"line":56,"column":6},"end":{"line":56,"column":42}},"33":{"start":{"line":58,"column":6},"end":{"line":58,"column":65}},"34":{"start":{"line":61,"column":4},"end":{"line":61,"column":25}},"35":{"start":{"line":62,"column":4},"end":{"line":62,"column":31}},"36":{"start":{"line":65,"column":20},"end":{"line":72,"column":3}},"37":{"start":{"line":66,"column":4},"end":{"line":71,"column":6}},"38":{"start":{"line":73,"column":16},"end":{"line":73,"column":63}},"39":{"start":{"line":75,"column":2},"end":{"line":79,"column":10}},"40":{"start":{"line":76,"column":33},"end":{"line":76,"column":78}},"41":{"start":{"line":76,"column":63},"end":{"line":76,"column":77}},"42":{"start":{"line":77,"column":4},"end":{"line":77,"column":46}},"43":{"start":{"line":78,"column":4},"end":{"line":78,"column":46}},"44":{"start":{"line":81,"column":2},"end":{"line":91,"column":3}}},"fnMap":{"0":{"name":"(anonymous_0)","decl":{"start":{"line":11,"column":26},"end":{"line":11,"column":27}},"loc":{"start":{"line":11,"column":42},"end":{"line":92,"column":1}},"line":11},"1":{"name":"(anonymous_1)","decl":{"start":{"line":23,"column":31},"end":{"line":23,"column":32}},"loc":{"start":{"line":23,"column":49},"end":{"line":32,"column":3}},"line":23},"2":{"name":"(anonymous_2)","decl":{"start":{"line":34,"column":32},"end":{"line":34,"column":33}},"loc":{"start":{"line":34,"column":38},"end":{"line":36,"column":3}},"line":34},"3":{"name":"(anonymous_3)","decl":{"start":{"line":35,"column":22},"end":{"line":35,"column":23}},"loc":{"start":{"line":35,"column":37},"end":{"line":35,"column":50}},"line":35},"4":{"name":"(anonymous_4)","decl":{"start":{"line":38,"column":32},"end":{"line":38,"column":33}},"loc":{"start":{"line":38,"column":38},"end":{"line":41,"column":3}},"line":38},"5":{"name":"(anonymous_5)","decl":{"start":{"line":40,"column":22},"end":{"line":40,"column":23}},"loc":{"start":{"line":40,"column":37},"end":{"line":40,"column":50}},"line":40},"6":{"name":"(anonymous_6)","decl":{"start":{"line":43,"column":33},"end":{"line":43,"column":34}},"loc":{"start":{"line":43,"column":45},"end":{"line":63,"column":3}},"line":43},"7":{"name":"(anonymous_7)","decl":{"start":{"line":45,"column":6},"end":{"line":45,"column":7}},"loc":{"start":{"line":45,"column":19},"end":{"line":45,"column":52}},"line":45},"8":{"name":"(anonymous_8)","decl":{"start":{"line":65,"column":20},"end":{"line":65,"column":21}},"loc":{"start":{"line":65,"column":49},"end":{"line":72,"column":3}},"line":65},"9":{"name":"(anonymous_9)","decl":{"start":{"line":75,"column":12},"end":{"line":75,"column":13}},"loc":{"start":{"line":75,"column":18},"end":{"line":79,"column":3}},"line":75},"10":{"name":"(anonymous_10)","decl":{"start":{"line":76,"column":53},"end":{"line":76,"column":54}},"loc":{"start":{"line":76,"column":63},"end":{"line":76,"column":77}},"line":76}},"branchMap":{"0":{"loc":{"start":{"line":24,"column":4},"end":{"line":28,"column":5}},"type":"if","locations":[{"start":{"line":24,"column":4},"end":{"line":28,"column":5}},{"start":{},"end":{}}],"line":24},"1":{"loc":{"start":{"line":39,"column":4},"end":{"line":39,"column":36}},"type":"if","locations":[{"start":{"line":39,"column":4},"end":{"line":39,"column":36}},{"start":{},"end":{}}],"line":39},"2":{"loc":{"start":{"line":47,"column":4},"end":{"line":47,"column":31}},"type":"if","locations":[{"start":{"line":47,"column":4},"end":{"line":47,"column":31}},{"start":{},"end":{}}],"line":47}},"s":{"0":0,"1":0,"2":0,"3":0,"4":0,"5":0,"6":0,"7":0,"8":0,"9":0,"10":0,"11":0,"12":0,"13":0,"14":0,"15":0,"16":0,"17":0,"18":0,"19":0,"20":0,"21":0,"22":0,"23":0,"24":0,"25":0,"26":0,"27":0,"28":0,"29":0,"30":0,"31":0,"32":0,"33":0,"34":0,"35":0,"36":0,"37":0,"38":0,"39":0,"40":0,"41":0,"42":0,"43":0,"44":0},"f":{"0":0,"1":0,"2":0,"3":0,"4":0,"5":0,"6":0,"7":0,"8":0,"9":0,"10":0},"b":{"0":[0,0],"1":[0,0],"2":[0,0]}}
,"/home/dev/Documentos/expo/coffe-delivery/src/routes/index.tsx": {"path":"/home/dev/Documentos/expo/coffe-delivery/src/routes/index.tsx","statementMap":{"0":{"start":{"line":13,"column":20},"end":{"line":15,"column":1}},"1":{"start":{"line":14,"column":43},"end":{"line":14,"column":73}},"2":{"start":{"line":16,"column":22},"end":{"line":23,"column":1}},"3":{"start":{"line":17,"column":2},"end":{"line":22,"column":3}}},"fnMap":{"0":{"name":"(anonymous_0)","decl":{"start":{"line":14,"column":16},"end":{"line":14,"column":17}},"loc":{"start":{"line":14,"column":43},"end":{"line":14,"column":73}},"line":14},"1":{"name":"(anonymous_1)","decl":{"start":{"line":16,"column":22},"end":{"line":16,"column":23}},"loc":{"start":{"line":16,"column":28},"end":{"line":23,"column":1}},"line":16}},"branchMap":{},"s":{"0":0,"1":0,"2":0,"3":0},"f":{"0":0,"1":0},"b":{}}
,"/home/dev/Documentos/expo/coffe-delivery/src/routes/stack.routes.tsx": {"path":"/home/dev/Documentos/expo/coffe-delivery/src/routes/stack.routes.tsx","statementMap":{"0":{"start":{"line":22,"column":30},"end":{"line":22,"column":80}},"1":{"start":{"line":24,"column":31},"end":{"line":39,"column":1}},"2":{"start":{"line":25,"column":2},"end":{"line":38,"column":3}}},"fnMap":{"0":{"name":"(anonymous_0)","decl":{"start":{"line":24,"column":31},"end":{"line":24,"column":32}},"loc":{"start":{"line":24,"column":37},"end":{"line":39,"column":1}},"line":24}},"branchMap":{},"s":{"0":0,"1":0,"2":0},"f":{"0":0},"b":{}}
,"/home/dev/Documentos/expo/coffe-delivery/src/screens/Address/index.tsx": {"path":"/home/dev/Documentos/expo/coffe-delivery/src/screens/Address/index.tsx","statementMap":{"0":{"start":{"line":28,"column":23},"end":{"line":162,"column":1}},"1":{"start":{"line":29,"column":16},"end":{"line":29,"column":26}},"2":{"start":{"line":30,"column":62},"end":{"line":30,"column":70}},"3":{"start":{"line":31,"column":40},"end":{"line":31,"column":52}},"4":{"start":{"line":33,"column":38},"end":{"line":35,"column":3}},"5":{"start":{"line":34,"column":4},"end":{"line":34,"column":24}},"6":{"start":{"line":37,"column":2},"end":{"line":161,"column":3}},"7":{"start":{"line":38,"column":45},"end":{"line":38,"column":63}},"8":{"start":{"line":122,"column":29},"end":{"line":122,"column":66}},"9":{"start":{"line":129,"column":29},"end":{"line":129,"column":65}},"10":{"start":{"line":136,"column":29},"end":{"line":136,"column":65}}},"fnMap":{"0":{"name":"(anonymous_0)","decl":{"start":{"line":28,"column":23},"end":{"line":28,"column":24}},"loc":{"start":{"line":28,"column":29},"end":{"line":162,"column":1}},"line":28},"1":{"name":"(anonymous_1)","decl":{"start":{"line":33,"column":38},"end":{"line":33,"column":39}},"loc":{"start":{"line":33,"column":78},"end":{"line":35,"column":3}},"line":33},"2":{"name":"(anonymous_2)","decl":{"start":{"line":38,"column":39},"end":{"line":38,"column":40}},"loc":{"start":{"line":38,"column":45},"end":{"line":38,"column":63}},"line":38},"3":{"name":"(anonymous_3)","decl":{"start":{"line":122,"column":23},"end":{"line":122,"column":24}},"loc":{"start":{"line":122,"column":29},"end":{"line":122,"column":66}},"line":122},"4":{"name":"(anonymous_4)","decl":{"start":{"line":129,"column":23},"end":{"line":129,"column":24}},"loc":{"start":{"line":129,"column":29},"end":{"line":129,"column":65}},"line":129},"5":{"name":"(anonymous_5)","decl":{"start":{"line":136,"column":23},"end":{"line":136,"column":24}},"loc":{"start":{"line":136,"column":29},"end":{"line":136,"column":65}},"line":136}},"branchMap":{"0":{"loc":{"start":{"line":65,"column":21},"end":{"line":65,"column":62}},"type":"binary-expr","locations":[{"start":{"line":65,"column":21},"end":{"line":65,"column":35}},{"start":{"line":65,"column":39},"end":{"line":65,"column":62}}],"line":65},"1":{"loc":{"start":{"line":72,"column":21},"end":{"line":72,"column":60}},"type":"binary-expr","locations":[{"start":{"line":72,"column":21},"end":{"line":72,"column":34}},{"start":{"line":72,"column":38},"end":{"line":72,"column":60}}],"line":72},"2":{"loc":{"start":{"line":80,"column":23},"end":{"line":80,"column":62}},"type":"binary-expr","locations":[{"start":{"line":80,"column":23},"end":{"line":80,"column":36}},{"start":{"line":80,"column":40},"end":{"line":80,"column":62}}],"line":80},"3":{"loc":{"start":{"line":87,"column":23},"end":{"line":87,"column":66}},"type":"binary-expr","locations":[{"start":{"line":87,"column":23},"end":{"line":87,"column":38}},{"start":{"line":87,"column":42},"end":{"line":87,"column":66}}],"line":87},"4":{"loc":{"start":{"line":96,"column":23},"end":{"line":96,"column":60}},"type":"binary-expr","locations":[{"start":{"line":96,"column":23},"end":{"line":96,"column":35}},{"start":{"line":96,"column":39},"end":{"line":96,"column":60}}],"line":96},"5":{"loc":{"start":{"line":103,"column":23},"end":{"line":103,"column":58}},"type":"binary-expr","locations":[{"start":{"line":103,"column":23},"end":{"line":103,"column":34}},{"start":{"line":103,"column":38},"end":{"line":103,"column":58}}],"line":103}},"s":{"0":0,"1":0,"2":0,"3":0,"4":0,"5":0,"6":0,"7":0,"8":0,"9":0,"10":0},"f":{"0":0,"1":0,"2":0,"3":0,"4":0,"5":0},"b":{"0":[0,0],"1":[0,0],"2":[0,0],"3":[0,0],"4":[0,0],"5":[0,0]}}
,"/home/dev/Documentos/expo/coffe-delivery/src/screens/Address/schema.ts": {"path":"/home/dev/Documentos/expo/coffe-delivery/src/screens/Address/schema.ts","statementMap":{"0":{"start":{"line":3,"column":33},"end":{"line":12,"column":2}}},"fnMap":{},"branchMap":{},"s":{"0":0},"f":{},"b":{}}
,"/home/dev/Documentos/expo/coffe-delivery/src/screens/Address/types.ts": {"path":"/home/dev/Documentos/expo/coffe-delivery/src/screens/Address/types.ts","statementMap":{},"fnMap":{},"branchMap":{},"s":{},"f":{},"b":{}}
,"/home/dev/Documentos/expo/coffe-delivery/src/screens/Address/components/ButtonPayment/index.tsx": {"path":"/home/dev/Documentos/expo/coffe-delivery/src/screens/Address/components/ButtonPayment/index.tsx","statementMap":{"0":{"start":{"line":11,"column":29},"end":{"line":23,"column":1}},"1":{"start":{"line":17,"column":2},"end":{"line":22,"column":3}}},"fnMap":{"0":{"name":"(anonymous_0)","decl":{"start":{"line":11,"column":29},"end":{"line":11,"column":30}},"loc":{"start":{"line":16,"column":26},"end":{"line":23,"column":1}},"line":16}},"branchMap":{},"s":{"0":0,"1":0},"f":{"0":0},"b":{}}
,"/home/dev/Documentos/expo/coffe-delivery/src/screens/Address/components/Form/Input/index.tsx": {"path":"/home/dev/Documentos/expo/coffe-delivery/src/screens/Address/components/Form/Input/index.tsx","statementMap":{"0":{"start":{"line":14,"column":21},"end":{"line":39,"column":1}},"1":{"start":{"line":21,"column":2},"end":{"line":38,"column":3}},"2":{"start":{"line":27,"column":10},"end":{"line":33,"column":12}}},"fnMap":{"0":{"name":"(anonymous_0)","decl":{"start":{"line":14,"column":21},"end":{"line":14,"column":22}},"loc":{"start":{"line":20,"column":49},"end":{"line":39,"column":1}},"line":20},"1":{"name":"(anonymous_1)","decl":{"start":{"line":26,"column":16},"end":{"line":26,"column":17}},"loc":{"start":{"line":27,"column":10},"end":{"line":33,"column":12}},"line":27}},"branchMap":{"0":{"loc":{"start":{"line":15,"column":2},"end":{"line":15,"column":16}},"type":"default-arg","locations":[{"start":{"line":15,"column":9},"end":{"line":15,"column":16}}],"line":15},"1":{"loc":{"start":{"line":16,"column":2},"end":{"line":16,"column":12}},"type":"default-arg","locations":[{"start":{"line":16,"column":10},"end":{"line":16,"column":12}}],"line":16},"2":{"loc":{"start":{"line":36,"column":7},"end":{"line":36,"column":56}},"type":"binary-expr","locations":[{"start":{"line":36,"column":7},"end":{"line":36,"column":12}},{"start":{"line":36,"column":16},"end":{"line":36,"column":56}}],"line":36}},"s":{"0":0,"1":0,"2":0},"f":{"0":0,"1":0},"b":{"0":[0],"1":[0],"2":[0,0]}}
,"/home/dev/Documentos/expo/coffe-delivery/src/screens/Cart/index.tsx": {"path":"/home/dev/Documentos/expo/coffe-delivery/src/screens/Cart/index.tsx","statementMap":{"0":{"start":{"line":23,"column":20},"end":{"line":91,"column":1}},"1":{"start":{"line":24,"column":16},"end":{"line":24,"column":26}},"2":{"start":{"line":25,"column":21},"end":{"line":25,"column":54}},"3":{"start":{"line":27,"column":4},"end":{"line":27,"column":18}},"4":{"start":{"line":29,"column":2},"end":{"line":90,"column":3}},"5":{"start":{"line":43,"column":14},"end":{"line":53,"column":30}},"6":{"start":{"line":73,"column":29},"end":{"line":73,"column":59}},"7":{"start":{"line":85,"column":27},"end":{"line":85,"column":54}}},"fnMap":{"0":{"name":"(anonymous_0)","decl":{"start":{"line":23,"column":20},"end":{"line":23,"column":21}},"loc":{"start":{"line":23,"column":26},"end":{"line":91,"column":1}},"line":23},"1":{"name":"(anonymous_1)","decl":{"start":{"line":42,"column":34},"end":{"line":42,"column":35}},"loc":{"start":{"line":43,"column":14},"end":{"line":53,"column":30}},"line":43},"2":{"name":"(anonymous_2)","decl":{"start":{"line":73,"column":23},"end":{"line":73,"column":24}},"loc":{"start":{"line":73,"column":29},"end":{"line":73,"column":59}},"line":73},"3":{"name":"(anonymous_3)","decl":{"start":{"line":85,"column":21},"end":{"line":85,"column":22}},"loc":{"start":{"line":85,"column":27},"end":{"line":85,"column":54}},"line":85}},"branchMap":{"0":{"loc":{"start":{"line":39,"column":7},"end":{"line":88,"column":7}},"type":"cond-expr","locations":[{"start":{"line":40,"column":8},"end":{"line":78,"column":11}},{"start":{"line":80,"column":8},"end":{"line":87,"column":34}}],"line":39}},"s":{"0":0,"1":0,"2":0,"3":0,"4":0,"5":0,"6":0,"7":0},"f":{"0":0,"1":0,"2":0,"3":0},"b":{"0":[0,0]}}
,"/home/dev/Documentos/expo/coffe-delivery/src/screens/Cart/components/CartProduct/index.tsx": {"path":"/home/dev/Documentos/expo/coffe-delivery/src/screens/Cart/components/CartProduct/index.tsx","statementMap":{"0":{"start":{"line":18,"column":27},"end":{"line":61,"column":1}},"1":{"start":{"line":19,"column":16},"end":{"line":19,"column":26}},"2":{"start":{"line":25,"column":6},"end":{"line":25,"column":51}},"3":{"start":{"line":27,"column":16},"end":{"line":27,"column":66}},"4":{"start":{"line":29,"column":2},"end":{"line":60,"column":3}},"5":{"start":{"line":32,"column":29},"end":{"line":32,"column":65}},"6":{"start":{"line":33,"column":31},"end":{"line":33,"column":50}},"7":{"start":{"line":34,"column":32},"end":{"line":34,"column":36}},"8":{"start":{"line":47,"column":37},"end":{"line":47,"column":60}},"9":{"start":{"line":48,"column":37},"end":{"line":48,"column":60}},"10":{"start":{"line":52,"column":29},"end":{"line":52,"column":65}}},"fnMap":{"0":{"name":"(anonymous_0)","decl":{"start":{"line":18,"column":27},"end":{"line":18,"column":28}},"loc":{"start":{"line":18,"column":69},"end":{"line":61,"column":1}},"line":18},"1":{"name":"(anonymous_1)","decl":{"start":{"line":32,"column":23},"end":{"line":32,"column":24}},"loc":{"start":{"line":32,"column":29},"end":{"line":32,"column":65}},"line":32},"2":{"name":"(anonymous_2)","decl":{"start":{"line":33,"column":25},"end":{"line":33,"column":26}},"loc":{"start":{"line":33,"column":31},"end":{"line":33,"column":50}},"line":33},"3":{"name":"(anonymous_3)","decl":{"start":{"line":34,"column":26},"end":{"line":34,"column":27}},"loc":{"start":{"line":34,"column":32},"end":{"line":34,"column":36}},"line":34},"4":{"name":"(anonymous_4)","decl":{"start":{"line":47,"column":31},"end":{"line":47,"column":32}},"loc":{"start":{"line":47,"column":37},"end":{"line":47,"column":60}},"line":47},"5":{"name":"(anonymous_5)","decl":{"start":{"line":48,"column":31},"end":{"line":48,"column":32}},"loc":{"start":{"line":48,"column":37},"end":{"line":48,"column":60}},"line":48},"6":{"name":"(anonymous_6)","decl":{"start":{"line":52,"column":23},"end":{"line":52,"column":24}},"loc":{"start":{"line":52,"column":29},"end":{"line":52,"column":65}},"line":52}},"branchMap":{},"s":{"0":0,"1":0,"2":0,"3":0,"4":0,"5":0,"6":0,"7":0,"8":0,"9":0,"10":0},"f":{"0":0,"1":0,"2":0,"3":0,"4":0,"5":0,"6":0},"b":{}}
,"/home/dev/Documentos/expo/coffe-delivery/src/screens/Cart/components/SwipeableButton/index.tsx": {"path":"/home/dev/Documentos/expo/coffe-delivery/src/screens/Cart/components/SwipeableButton/index.tsx","statementMap":{"0":{"start":{"line":8,"column":31},"end":{"line":15,"column":1}},"1":{"start":{"line":9,"column":16},"end":{"line":9,"column":26}},"2":{"start":{"line":10,"column":2},"end":{"line":14,"column":3}}},"fnMap":{"0":{"name":"(anonymous_0)","decl":{"start":{"line":8,"column":31},"end":{"line":8,"column":32}},"loc":{"start":{"line":8,"column":70},"end":{"line":15,"column":1}},"line":8}},"branchMap":{},"s":{"0":0,"1":0,"2":0},"f":{"0":0},"b":{}}
,"/home/dev/Documentos/expo/coffe-delivery/src/screens/Home/index.tsx": {"path":"/home/dev/Documentos/expo/coffe-delivery/src/screens/Home/index.tsx","statementMap":{"0":{"start":{"line":24,"column":20},"end":{"line":111,"column":1}},"1":{"start":{"line":25,"column":36},"end":{"line":25,"column":51}},"2":{"start":{"line":26,"column":38},"end":{"line":26,"column":50}},"3":{"start":{"line":27,"column":34},"end":{"line":27,"column":58}},"4":{"start":{"line":28,"column":32},"end":{"line":30,"column":3}},"5":{"start":{"line":32,"column":21},"end":{"line":32,"column":54}},"6":{"start":{"line":33,"column":31},"end":{"line":33,"column":51}},"7":{"start":{"line":35,"column":27},"end":{"line":37,"column":3}},"8":{"start":{"line":36,"column":4},"end":{"line":36,"column":43}},"9":{"start":{"line":36,"column":32},"end":{"line":36,"column":42}},"10":{"start":{"line":39,"column":26},"end":{"line":41,"column":3}},"11":{"start":{"line":40,"column":4},"end":{"line":40,"column":23}},"12":{"start":{"line":43,"column":29},"end":{"line":51,"column":3}},"13":{"start":{"line":44,"column":4},"end":{"line":44,"column":41}},"14":{"start":{"line":44,"column":35},"end":{"line":44,"column":41}},"15":{"start":{"line":46,"column":33},"end":{"line":48,"column":5}},"16":{"start":{"line":47,"column":6},"end":{"line":47,"column":64}},"17":{"start":{"line":50,"column":4},"end":{"line":50,"column":70}},"18":{"start":{"line":50,"column":37},"end":{"line":50,"column":70}},"19":{"start":{"line":53,"column":33},"end":{"line":60,"column":3}},"20":{"start":{"line":54,"column":4},"end":{"line":59,"column":5}},"21":{"start":{"line":55,"column":29},"end":{"line":55,"column":54}},"22":{"start":{"line":56,"column":6},"end":{"line":56,"column":32}},"23":{"start":{"line":58,"column":6},"end":{"line":58,"column":55}},"24":{"start":{"line":62,"column":2},"end":{"line":66,"column":8}},"25":{"start":{"line":63,"column":4},"end":{"line":65,"column":6}},"26":{"start":{"line":64,"column":6},"end":{"line":64,"column":17}},"27":{"start":{"line":67,"column":2},"end":{"line":71,"column":3}},"28":{"start":{"line":69,"column":6},"end":{"line":69,"column":30}},"29":{"start":{"line":73,"column":2},"end":{"line":110,"column":3}},"30":{"start":{"line":85,"column":29},"end":{"line":85,"column":56}},"31":{"start":{"line":97,"column":27},"end":{"line":97,"column":45}},"32":{"start":{"line":98,"column":26},"end":{"line":98,"column":43}},"33":{"start":{"line":99,"column":35},"end":{"line":99,"column":55}}},"fnMap":{"0":{"name":"(anonymous_0)","decl":{"start":{"line":24,"column":20},"end":{"line":24,"column":21}},"loc":{"start":{"line":24,"column":26},"end":{"line":111,"column":1}},"line":24},"1":{"name":"(anonymous_1)","decl":{"start":{"line":35,"column":27},"end":{"line":35,"column":28}},"loc":{"start":{"line":35,"column":33},"end":{"line":37,"column":3}},"line":35},"2":{"name":"(anonymous_2)","decl":{"start":{"line":36,"column":17},"end":{"line":36,"column":18}},"loc":{"start":{"line":36,"column":32},"end":{"line":36,"column":42}},"line":36},"3":{"name":"(anonymous_3)","decl":{"start":{"line":39,"column":26},"end":{"line":39,"column":27}},"loc":{"start":{"line":39,"column":32},"end":{"line":41,"column":3}},"line":39},"4":{"name":"(anonymous_4)","decl":{"start":{"line":43,"column":29},"end":{"line":43,"column":30}},"loc":{"start":{"line":43,"column":35},"end":{"line":51,"column":3}},"line":43},"5":{"name":"(anonymous_5)","decl":{"start":{"line":46,"column":55},"end":{"line":46,"column":56}},"loc":{"start":{"line":47,"column":6},"end":{"line":47,"column":64}},"line":47},"6":{"name":"(anonymous_6)","decl":{"start":{"line":53,"column":33},"end":{"line":53,"column":34}},"loc":{"start":{"line":53,"column":45},"end":{"line":60,"column":3}},"line":53},"7":{"name":"(anonymous_7)","decl":{"start":{"line":62,"column":12},"end":{"line":62,"column":13}},"loc":{"start":{"line":62,"column":18},"end":{"line":66,"column":3}},"line":62},"8":{"name":"(anonymous_8)","decl":{"start":{"line":63,"column":54},"end":{"line":63,"column":55}},"loc":{"start":{"line":63,"column":60},"end":{"line":65,"column":5}},"line":63},"9":{"name":"(anonymous_9)","decl":{"start":{"line":68,"column":16},"end":{"line":68,"column":17}},"loc":{"start":{"line":68,"column":22},"end":{"line":70,"column":5}},"line":68},"10":{"name":"(anonymous_10)","decl":{"start":{"line":85,"column":23},"end":{"line":85,"column":24}},"loc":{"start":{"line":85,"column":29},"end":{"line":85,"column":56}},"line":85},"11":{"name":"(anonymous_11)","decl":{"start":{"line":97,"column":21},"end":{"line":97,"column":22}},"loc":{"start":{"line":97,"column":27},"end":{"line":97,"column":45}},"line":97},"12":{"name":"(anonymous_12)","decl":{"start":{"line":98,"column":20},"end":{"line":98,"column":21}},"loc":{"start":{"line":98,"column":26},"end":{"line":98,"column":43}},"line":98},"13":{"name":"(anonymous_13)","decl":{"start":{"line":99,"column":29},"end":{"line":99,"column":30}},"loc":{"start":{"line":99,"column":35},"end":{"line":99,"column":55}},"line":99}},"branchMap":{"0":{"loc":{"start":{"line":44,"column":4},"end":{"line":44,"column":41}},"type":"if","locations":[{"start":{"line":44,"column":4},"end":{"line":44,"column":41}},{"start":{},"end":{}}],"line":44},"1":{"loc":{"start":{"line":50,"column":4},"end":{"line":50,"column":70}},"type":"if","locations":[{"start":{"line":50,"column":4},"end":{"line":50,"column":70}},{"start":{},"end":{}}],"line":50},"2":{"loc":{"start":{"line":80,"column":15},"end":{"line":82,"column":15}},"type":"binary-expr","locations":[{"start":{"line":80,"column":15},"end":{"line":80,"column":27}},{"start":{"line":81,"column":16},"end":{"line":81,"column":80}}],"line":80}},"s":{"0":0,"1":0,"2":0,"3":0,"4":0,"5":0,"6":0,"7":0,"8":0,"9":0,"10":0,"11":0,"12":0,"13":0,"14":0,"15":0,"16":0,"17":0,"18":0,"19":0,"20":0,"21":0,"22":0,"23":0,"24":0,"25":0,"26":0,"27":0,"28":0,"29":0,"30":0,"31":0,"32":0,"33":0},"f":{"0":0,"1":0,"2":0,"3":0,"4":0,"5":0,"6":0,"7":0,"8":0,"9":0,"10":0,"11":0,"12":0,"13":0},"b":{"0":[0,0],"1":[0,0],"2":[0,0]}}
,"/home/dev/Documentos/expo/coffe-delivery/src/screens/Home/components/CardCoffee/index.tsx": {"path":"/home/dev/Documentos/expo/coffe-delivery/src/screens/Home/components/CardCoffee/index.tsx","statementMap":{"0":{"start":{"line":19,"column":26},"end":{"line":64,"column":1}},"1":{"start":{"line":20,"column":21},"end":{"line":20,"column":54}},"2":{"start":{"line":37,"column":2},"end":{"line":63,"column":3}},"3":{"start":{"line":49,"column":21},"end":{"line":49,"column":68}}},"fnMap":{"0":{"name":"(anonymous_0)","decl":{"start":{"line":19,"column":26},"end":{"line":19,"column":27}},"loc":{"start":{"line":19,"column":54},"end":{"line":64,"column":1}},"line":19},"1":{"name":"(anonymous_1)","decl":{"start":{"line":49,"column":15},"end":{"line":49,"column":16}},"loc":{"start":{"line":49,"column":21},"end":{"line":49,"column":68}},"line":49}},"branchMap":{},"s":{"0":0,"1":0,"2":0,"3":0},"f":{"0":0,"1":0},"b":{}}
,"/home/dev/Documentos/expo/coffe-delivery/src/screens/Home/components/CatalogCoffee/index.tsx": {"path":"/home/dev/Documentos/expo/coffe-delivery/src/screens/Home/components/CatalogCoffee/index.tsx","statementMap":{"0":{"start":{"line":14,"column":25},"end":{"line":18,"column":1}},"1":{"start":{"line":20,"column":27},"end":{"line":20,"column":65}},"2":{"start":{"line":22,"column":29},"end":{"line":94,"column":1}},"3":{"start":{"line":24,"column":4},"end":{"line":24,"column":51}},"4":{"start":{"line":25,"column":52},"end":{"line":27,"column":3}},"5":{"start":{"line":29,"column":40},"end":{"line":29,"column":68}},"6":{"start":{"line":31,"column":38},"end":{"line":44,"column":3}},"7":{"start":{"line":32,"column":32},"end":{"line":32,"column":58}},"8":{"start":{"line":34,"column":4},"end":{"line":43,"column":5}},"9":{"start":{"line":35,"column":31},"end":{"line":37,"column":7}},"10":{"start":{"line":36,"column":18},"end":{"line":36,"column":31}},"11":{"start":{"line":38,"column":6},"end":{"line":38,"column":38}},"12":{"start":{"line":39,"column":6},"end":{"line":39,"column":31}},"13":{"start":{"line":41,"column":6},"end":{"line":41,"column":40}},"14":{"start":{"line":42,"column":6},"end":{"line":42,"column":35}},"15":{"start":{"line":46,"column":30},"end":{"line":55,"column":3}},"16":{"start":{"line":47,"column":4},"end":{"line":54,"column":5}},"17":{"start":{"line":48,"column":6},"end":{"line":53,"column":7}},"18":{"start":{"line":49,"column":36},"end":{"line":51,"column":9}},"19":{"start":{"line":50,"column":20},"end":{"line":50,"column":37}},"20":{"start":{"line":52,"column":8},"end":{"line":52,"column":42}},"21":{"start":{"line":57,"column":2},"end":{"line":60,"column":18}},"22":{"start":{"line":58,"column":17},"end":{"line":58,"column":44}},"23":{"start":{"line":59,"column":4},"end":{"line":59,"column":30}},"24":{"start":{"line":62,"column":2},"end":{"line":93,"column":3}},"25":{"start":{"line":67,"column":10},"end":{"line":72,"column":12}},"26":{"start":{"line":71,"column":27},"end":{"line":71,"column":60}},"27":{"start":{"line":78,"column":32},"end":{"line":78,"column":47}},"28":{"start":{"line":81,"column":10},"end":{"line":81,"column":57}},"29":{"start":{"line":84,"column":10},"end":{"line":84,"column":76}},"30":{"start":{"line":87,"column":10},"end":{"line":87,"column":52}}},"fnMap":{"0":{"name":"(anonymous_0)","decl":{"start":{"line":22,"column":29},"end":{"line":22,"column":30}},"loc":{"start":{"line":22,"column":35},"end":{"line":94,"column":1}},"line":22},"1":{"name":"(anonymous_1)","decl":{"start":{"line":31,"column":38},"end":{"line":31,"column":39}},"loc":{"start":{"line":31,"column":56},"end":{"line":44,"column":3}},"line":31},"2":{"name":"(anonymous_2)","decl":{"start":{"line":36,"column":8},"end":{"line":36,"column":9}},"loc":{"start":{"line":36,"column":18},"end":{"line":36,"column":31}},"line":36},"3":{"name":"(anonymous_3)","decl":{"start":{"line":46,"column":30},"end":{"line":46,"column":31}},"loc":{"start":{"line":46,"column":48},"end":{"line":55,"column":3}},"line":46},"4":{"name":"(anonymous_4)","decl":{"start":{"line":50,"column":10},"end":{"line":50,"column":11}},"loc":{"start":{"line":50,"column":20},"end":{"line":50,"column":37}},"line":50},"5":{"name":"(anonymous_5)","decl":{"start":{"line":57,"column":12},"end":{"line":57,"column":13}},"loc":{"start":{"line":57,"column":18},"end":{"line":60,"column":3}},"line":57},"6":{"name":"(anonymous_6)","decl":{"start":{"line":66,"column":32},"end":{"line":66,"column":33}},"loc":{"start":{"line":67,"column":10},"end":{"line":72,"column":12}},"line":67},"7":{"name":"(anonymous_7)","decl":{"start":{"line":71,"column":21},"end":{"line":71,"column":22}},"loc":{"start":{"line":71,"column":27},"end":{"line":71,"column":60}},"line":71},"8":{"name":"(anonymous_8)","decl":{"start":{"line":78,"column":22},"end":{"line":78,"column":23}},"loc":{"start":{"line":78,"column":32},"end":{"line":78,"column":47}},"line":78},"9":{"name":"(anonymous_9)","decl":{"start":{"line":80,"column":20},"end":{"line":80,"column":21}},"loc":{"start":{"line":81,"column":10},"end":{"line":81,"column":57}},"line":81},"10":{"name":"(anonymous_10)","decl":{"start":{"line":83,"column":29},"end":{"line":83,"column":30}},"loc":{"start":{"line":84,"column":10},"end":{"line":84,"column":76}},"line":84},"11":{"name":"(anonymous_11)","decl":{"start":{"line":86,"column":32},"end":{"line":86,"column":33}},"loc":{"start":{"line":87,"column":10},"end":{"line":87,"column":52}},"line":87}},"branchMap":{"0":{"loc":{"start":{"line":34,"column":4},"end":{"line":43,"column":5}},"type":"if","locations":[{"start":{"line":34,"column":4},"end":{"line":43,"column":5}},{"start":{"line":40,"column":11},"end":{"line":43,"column":5}}],"line":34},"1":{"loc":{"start":{"line":48,"column":6},"end":{"line":53,"column":7}},"type":"if","locations":[{"start":{"line":48,"column":6},"end":{"line":53,"column":7}},{"start":{},"end":{}}],"line":48}},"s":{"0":0,"1":0,"2":0,"3":0,"4":0,"5":0,"6":0,"7":0,"8":0,"9":0,"10":0,"11":0,"12":0,"13":0,"14":0,"15":0,"16":0,"17":0,"18":0,"19":0,"20":0,"21":0,"22":0,"23":0,"24":0,"25":0,"26":0,"27":0,"28":0,"29":0,"30":0},"f":{"0":0,"1":0,"2":0,"3":0,"4":0,"5":0,"6":0,"7":0,"8":0,"9":0,"10":0,"11":0},"b":{"0":[0,0],"1":[0,0]}}
,"/home/dev/Documentos/expo/coffe-delivery/src/screens/Home/components/ListCardHighlight/index.tsx": {"path":"/home/dev/Documentos/expo/coffe-delivery/src/screens/Home/components/ListCardHighlight/index.tsx","statementMap":{"0":{"start":{"line":15,"column":33},"end":{"line":47,"column":1}},"1":{"start":{"line":16,"column":34},"end":{"line":16,"column":58}},"2":{"start":{"line":18,"column":2},"end":{"line":20,"column":12}},"3":{"start":{"line":19,"column":4},"end":{"line":19,"column":21}},"4":{"start":{"line":27,"column":2},"end":{"line":46,"column":3}},"5":{"start":{"line":31,"column":32},"end":{"line":31,"column":47}},"6":{"start":{"line":33,"column":10},"end":{"line":33,"column":50}},"7":{"start":{"line":43,"column":38},"end":{"line":43,"column":68}}},"fnMap":{"0":{"name":"(anonymous_0)","decl":{"start":{"line":15,"column":33},"end":{"line":15,"column":34}},"loc":{"start":{"line":15,"column":54},"end":{"line":47,"column":1}},"line":15},"1":{"name":"(anonymous_1)","decl":{"start":{"line":18,"column":12},"end":{"line":18,"column":13}},"loc":{"start":{"line":18,"column":18},"end":{"line":20,"column":3}},"line":18},"2":{"name":"(anonymous_2)","decl":{"start":{"line":31,"column":22},"end":{"line":31,"column":23}},"loc":{"start":{"line":31,"column":32},"end":{"line":31,"column":47}},"line":31},"3":{"name":"(anonymous_3)","decl":{"start":{"line":32,"column":20},"end":{"line":32,"column":21}},"loc":{"start":{"line":33,"column":10},"end":{"line":33,"column":50}},"line":33},"4":{"name":"(anonymous_4)","decl":{"start":{"line":43,"column":32},"end":{"line":43,"column":33}},"loc":{"start":{"line":43,"column":38},"end":{"line":43,"column":68}},"line":43}},"branchMap":{},"s":{"0":0,"1":0,"2":0,"3":0,"4":0,"5":0,"6":0,"7":0},"f":{"0":0,"1":0,"2":0,"3":0,"4":0},"b":{}}
,"/home/dev/Documentos/expo/coffe-delivery/src/screens/Home/components/TagCatalogCoffee/index.tsx": {"path":"/home/dev/Documentos/expo/coffe-delivery/src/screens/Home/components/TagCatalogCoffee/index.tsx","statementMap":{"0":{"start":{"line":18,"column":32},"end":{"line":63,"column":1}},"1":{"start":{"line":23,"column":16},"end":{"line":23,"column":26}},"2":{"start":{"line":25,"column":17},"end":{"line":25,"column":34}},"3":{"start":{"line":27,"column":30},"end":{"line":40,"column":4}},"4":{"start":{"line":28,"column":4},"end":{"line":39,"column":5}},"5":{"start":{"line":42,"column":28},"end":{"line":50,"column":4}},"6":{"start":{"line":43,"column":4},"end":{"line":49,"column":5}},"7":{"start":{"line":52,"column":2},"end":{"line":54,"column":24}},"8":{"start":{"line":53,"column":4},"end":{"line":53,"column":47}},"9":{"start":{"line":56,"column":2},"end":{"line":62,"column":3}}},"fnMap":{"0":{"name":"(anonymous_0)","decl":{"start":{"line":18,"column":32},"end":{"line":18,"column":33}},"loc":{"start":{"line":22,"column":19},"end":{"line":63,"column":1}},"line":22},"1":{"name":"(anonymous_1)","decl":{"start":{"line":27,"column":47},"end":{"line":27,"column":48}},"loc":{"start":{"line":27,"column":53},"end":{"line":40,"column":3}},"line":27},"2":{"name":"(anonymous_2)","decl":{"start":{"line":42,"column":45},"end":{"line":42,"column":46}},"loc":{"start":{"line":42,"column":51},"end":{"line":50,"column":3}},"line":42},"3":{"name":"(anonymous_3)","decl":{"start":{"line":52,"column":12},"end":{"line":52,"column":13}},"loc":{"start":{"line":52,"column":18},"end":{"line":54,"column":3}},"line":52}},"branchMap":{"0":{"loc":{"start":{"line":20,"column":2},"end":{"line":20,"column":18}},"type":"default-arg","locations":[{"start":{"line":20,"column":13},"end":{"line":20,"column":18}}],"line":20},"1":{"loc":{"start":{"line":53,"column":30},"end":{"line":53,"column":46}},"type":"cond-expr","locations":[{"start":{"line":53,"column":41},"end":{"line":53,"column":42}},{"start":{"line":53,"column":45},"end":{"line":53,"column":46}}],"line":53}},"s":{"0":0,"1":0,"2":0,"3":0,"4":0,"5":0,"6":0,"7":0,"8":0,"9":0},"f":{"0":0,"1":0,"2":0,"3":0},"b":{"0":[0],"1":[0,0]}}
,"/home/dev/Documentos/expo/coffe-delivery/src/screens/Product/index.tsx": {"path":"/home/dev/Documentos/expo/coffe-delivery/src/screens/Product/index.tsx","statementMap":{"0":{"start":{"line":28,"column":23},"end":{"line":103,"column":1}},"1":{"start":{"line":29,"column":21},"end":{"line":29,"column":54}},"2":{"start":{"line":30,"column":16},"end":{"line":30,"column":26}},"3":{"start":{"line":31,"column":16},"end":{"line":31,"column":26}},"4":{"start":{"line":32,"column":17},"end":{"line":32,"column":44}},"5":{"start":{"line":43,"column":6},"end":{"line":43,"column":20}},"6":{"start":{"line":44,"column":31},"end":{"line":44,"column":51}},"7":{"start":{"line":46,"column":2},"end":{"line":102,"column":3}},"8":{"start":{"line":50,"column":43},"end":{"line":50,"column":62}},"9":{"start":{"line":54,"column":27},"end":{"line":54,"column":54}},"10":{"start":{"line":78,"column":12},"end":{"line":83,"column":14}},"11":{"start":{"line":82,"column":29},"end":{"line":82,"column":55}},"12":{"start":{"line":89,"column":35},"end":{"line":89,"column":58}},"13":{"start":{"line":90,"column":35},"end":{"line":90,"column":58}},"14":{"start":{"line":96,"column":29},"end":{"line":96,"column":53}}},"fnMap":{"0":{"name":"(anonymous_0)","decl":{"start":{"line":28,"column":23},"end":{"line":28,"column":24}},"loc":{"start":{"line":28,"column":29},"end":{"line":103,"column":1}},"line":28},"1":{"name":"(anonymous_1)","decl":{"start":{"line":50,"column":37},"end":{"line":50,"column":38}},"loc":{"start":{"line":50,"column":43},"end":{"line":50,"column":62}},"line":50},"2":{"name":"(anonymous_2)","decl":{"start":{"line":54,"column":21},"end":{"line":54,"column":22}},"loc":{"start":{"line":54,"column":27},"end":{"line":54,"column":54}},"line":54},"3":{"name":"(anonymous_3)","decl":{"start":{"line":77,"column":26},"end":{"line":77,"column":27}},"loc":{"start":{"line":78,"column":12},"end":{"line":83,"column":14}},"line":78},"4":{"name":"(anonymous_4)","decl":{"start":{"line":82,"column":23},"end":{"line":82,"column":24}},"loc":{"start":{"line":82,"column":29},"end":{"line":82,"column":55}},"line":82},"5":{"name":"(anonymous_5)","decl":{"start":{"line":89,"column":29},"end":{"line":89,"column":30}},"loc":{"start":{"line":89,"column":35},"end":{"line":89,"column":58}},"line":89},"6":{"name":"(anonymous_6)","decl":{"start":{"line":90,"column":29},"end":{"line":90,"column":30}},"loc":{"start":{"line":90,"column":35},"end":{"line":90,"column":58}},"line":90},"7":{"name":"(anonymous_7)","decl":{"start":{"line":96,"column":23},"end":{"line":96,"column":24}},"loc":{"start":{"line":96,"column":29},"end":{"line":96,"column":53}},"line":96}},"branchMap":{},"s":{"0":0,"1":0,"2":0,"3":0,"4":0,"5":0,"6":0,"7":0,"8":0,"9":0,"10":0,"11":0,"12":0,"13":0,"14":0},"f":{"0":0,"1":0,"2":0,"3":0,"4":0,"5":0,"6":0,"7":0},"b":{}}
,"/home/dev/Documentos/expo/coffe-delivery/src/screens/PurchaseCompleted/index.tsx": {"path":"/home/dev/Documentos/expo/coffe-delivery/src/screens/PurchaseCompleted/index.tsx","statementMap":{"0":{"start":{"line":17,"column":33},"end":{"line":44,"column":1}},"1":{"start":{"line":18,"column":21},"end":{"line":18,"column":54}},"2":{"start":{"line":19,"column":16},"end":{"line":19,"column":26}},"3":{"start":{"line":21,"column":2},"end":{"line":43,"column":3}},"4":{"start":{"line":38,"column":27},"end":{"line":38,"column":54}}},"fnMap":{"0":{"name":"(anonymous_0)","decl":{"start":{"line":17,"column":33},"end":{"line":17,"column":34}},"loc":{"start":{"line":17,"column":39},"end":{"line":44,"column":1}},"line":17},"1":{"name":"(anonymous_1)","decl":{"start":{"line":38,"column":21},"end":{"line":38,"column":22}},"loc":{"start":{"line":38,"column":27},"end":{"line":38,"column":54}},"line":38}},"branchMap":{},"s":{"0":0,"1":0,"2":0,"3":0,"4":0},"f":{"0":0,"1":0},"b":{}}
,"/home/dev/Documentos/expo/coffe-delivery/src/screens/Splash/index.tsx": {"path":"/home/dev/Documentos/expo/coffe-delivery/src/screens/Splash/index.tsx","statementMap":{"0":{"start":{"line":19,"column":22},"end":{"line":84,"column":1}},"1":{"start":{"line":20,"column":26},"end":{"line":20,"column":43}},"2":{"start":{"line":21,"column":21},"end":{"line":21,"column":54}},"3":{"start":{"line":22,"column":35},"end":{"line":22,"column":59}},"4":{"start":{"line":24,"column":20},"end":{"line":32,"column":4}},"5":{"start":{"line":25,"column":4},"end":{"line":31,"column":5}},"6":{"start":{"line":33,"column":24},"end":{"line":42,"column":4}},"7":{"start":{"line":34,"column":4},"end":{"line":41,"column":5}},"8":{"start":{"line":44,"column":30},"end":{"line":57,"column":4}},"9":{"start":{"line":45,"column":4},"end":{"line":56,"column":5}},"10":{"start":{"line":59,"column":19},"end":{"line":61,"column":18}},"11":{"start":{"line":60,"column":4},"end":{"line":60,"column":31}},"12":{"start":{"line":63,"column":2},"end":{"line":68,"column":33}},"13":{"start":{"line":64,"column":4},"end":{"line":67,"column":6}},"14":{"start":{"line":66,"column":6},"end":{"line":66,"column":25}},"15":{"start":{"line":70,"column":2},"end":{"line":83,"column":3}}},"fnMap":{"0":{"name":"(anonymous_0)","decl":{"start":{"line":19,"column":22},"end":{"line":19,"column":23}},"loc":{"start":{"line":19,"column":28},"end":{"line":84,"column":1}},"line":19},"1":{"name":"(anonymous_1)","decl":{"start":{"line":24,"column":37},"end":{"line":24,"column":38}},"loc":{"start":{"line":24,"column":43},"end":{"line":32,"column":3}},"line":24},"2":{"name":"(anonymous_2)","decl":{"start":{"line":33,"column":41},"end":{"line":33,"column":42}},"loc":{"start":{"line":33,"column":47},"end":{"line":42,"column":3}},"line":33},"3":{"name":"(anonymous_3)","decl":{"start":{"line":44,"column":47},"end":{"line":44,"column":48}},"loc":{"start":{"line":44,"column":53},"end":{"line":57,"column":3}},"line":44},"4":{"name":"(anonymous_4)","decl":{"start":{"line":59,"column":31},"end":{"line":59,"column":32}},"loc":{"start":{"line":59,"column":37},"end":{"line":61,"column":3}},"line":59},"5":{"name":"(anonymous_5)","decl":{"start":{"line":63,"column":12},"end":{"line":63,"column":13}},"loc":{"start":{"line":63,"column":18},"end":{"line":68,"column":3}},"line":63},"6":{"name":"(anonymous_6)","decl":{"start":{"line":64,"column":63},"end":{"line":64,"column":64}},"loc":{"start":{"line":64,"column":69},"end":{"line":67,"column":5}},"line":64}},"branchMap":{},"s":{"0":0,"1":0,"2":0,"3":0,"4":0,"5":0,"6":0,"7":0,"8":0,"9":0,"10":0,"11":0,"12":0,"13":0,"14":0,"15":0},"f":{"0":0,"1":0,"2":0,"3":0,"4":0,"5":0,"6":0},"b":{}}
,"/home/dev/Documentos/expo/coffe-delivery/src/storage/storageConfig.ts": {"path":"/home/dev/Documentos/expo/coffe-delivery/src/storage/storageConfig.ts","statementMap":{"0":{"start":{"line":1,"column":28},"end":{"line":1,"column":54}},"1":{"start":{"line":2,"column":28},"end":{"line":2,"column":53}}},"fnMap":{},"branchMap":{},"s":{"0":0,"1":0},"f":{},"b":{}}
,"/home/dev/Documentos/expo/coffe-delivery/src/storage/addressStorage/getAddressStorage.ts": {"path":"/home/dev/Documentos/expo/coffe-delivery/src/storage/addressStorage/getAddressStorage.ts","statementMap":{"0":{"start":{"line":5,"column":33},"end":{"line":15,"column":1}},"1":{"start":{"line":6,"column":2},"end":{"line":14,"column":3}},"2":{"start":{"line":7,"column":20},"end":{"line":7,"column":67}},"3":{"start":{"line":8,"column":48},"end":{"line":10,"column":10}},"4":{"start":{"line":11,"column":4},"end":{"line":11,"column":25}},"5":{"start":{"line":13,"column":4},"end":{"line":13,"column":26}}},"fnMap":{"0":{"name":"(anonymous_0)","decl":{"start":{"line":5,"column":33},"end":{"line":5,"column":34}},"loc":{"start":{"line":5,"column":45},"end":{"line":15,"column":1}},"line":5}},"branchMap":{"0":{"loc":{"start":{"line":8,"column":48},"end":{"line":10,"column":10}},"type":"cond-expr","locations":[{"start":{"line":9,"column":8},"end":{"line":9,"column":27}},{"start":{"line":10,"column":8},"end":{"line":10,"column":10}}],"line":8}},"s":{"0":0,"1":0,"2":0,"3":0,"4":0,"5":0},"f":{"0":0},"b":{"0":[0,0]}}
,"/home/dev/Documentos/expo/coffe-delivery/src/storage/addressStorage/saveAddressStorage.ts": {"path":"/home/dev/Documentos/expo/coffe-delivery/src/storage/addressStorage/saveAddressStorage.ts","statementMap":{"0":{"start":{"line":5,"column":34},"end":{"line":11,"column":1}},"1":{"start":{"line":6,"column":2},"end":{"line":10,"column":3}},"2":{"start":{"line":7,"column":4},"end":{"line":7,"column":73}},"3":{"start":{"line":9,"column":4},"end":{"line":9,"column":26}}},"fnMap":{"0":{"name":"(anonymous_0)","decl":{"start":{"line":5,"column":34},"end":{"line":5,"column":35}},"loc":{"start":{"line":5,"column":71},"end":{"line":11,"column":1}},"line":5}},"branchMap":{},"s":{"0":0,"1":0,"2":0,"3":0},"f":{"0":0},"b":{}}
,"/home/dev/Documentos/expo/coffe-delivery/src/storage/productCart/getAllProductsStorage.ts": {"path":"/home/dev/Documentos/expo/coffe-delivery/src/storage/productCart/getAllProductsStorage.ts","statementMap":{"0":{"start":{"line":5,"column":37},"end":{"line":13,"column":1}},"1":{"start":{"line":6,"column":2},"end":{"line":12,"column":3}},"2":{"start":{"line":7,"column":20},"end":{"line":7,"column":67}},"3":{"start":{"line":8,"column":46},"end":{"line":8,"column":80}},"4":{"start":{"line":9,"column":4},"end":{"line":9,"column":26}},"5":{"start":{"line":11,"column":4},"end":{"line":11,"column":21}}},"fnMap":{"0":{"name":"(anonymous_0)","decl":{"start":{"line":5,"column":37},"end":{"line":5,"column":38}},"loc":{"start":{"line":5,"column":49},"end":{"line":13,"column":1}},"line":5}},"branchMap":{"0":{"loc":{"start":{"line":8,"column":46},"end":{"line":8,"column":80}},"type":"cond-expr","locations":[{"start":{"line":8,"column":56},"end":{"line":8,"column":75}},{"start":{"line":8,"column":78},"end":{"line":8,"column":80}}],"line":8}},"s":{"0":0,"1":0,"2":0,"3":0,"4":0,"5":0},"f":{"0":0},"b":{"0":[0,0]}}
,"/home/dev/Documentos/expo/coffe-delivery/src/storage/productCart/saveAllProductStorage.ts": {"path":"/home/dev/Documentos/expo/coffe-delivery/src/storage/productCart/saveAllProductStorage.ts","statementMap":{"0":{"start":{"line":7,"column":38},"end":{"line":16,"column":1}},"1":{"start":{"line":10,"column":2},"end":{"line":15,"column":3}},"2":{"start":{"line":11,"column":20},"end":{"line":11,"column":48}},"3":{"start":{"line":12,"column":4},"end":{"line":12,"column":60}},"4":{"start":{"line":14,"column":4},"end":{"line":14,"column":21}}},"fnMap":{"0":{"name":"(anonymous_0)","decl":{"start":{"line":7,"column":38},"end":{"line":7,"column":39}},"loc":{"start":{"line":9,"column":5},"end":{"line":16,"column":1}},"line":9}},"branchMap":{},"s":{"0":0,"1":0,"2":0,"3":0,"4":0},"f":{"0":0},"b":{}}
,"/home/dev/Documentos/expo/coffe-delivery/src/storage/productCart/saveProductStorage.ts": {"path":"/home/dev/Documentos/expo/coffe-delivery/src/storage/productCart/saveProductStorage.ts","statementMap":{"0":{"start":{"line":9,"column":34},"end":{"line":18,"column":1}},"1":{"start":{"line":10,"column":2},"end":{"line":17,"column":3}},"2":{"start":{"line":11,"column":28},"end":{"line":11,"column":57}},"3":{"start":{"line":13,"column":20},"end":{"line":13,"column":68}},"4":{"start":{"line":14,"column":4},"end":{"line":14,"column":60}},"5":{"start":{"line":16,"column":4},"end":{"line":16,"column":21}}},"fnMap":{"0":{"name":"(anonymous_0)","decl":{"start":{"line":9,"column":34},"end":{"line":9,"column":35}},"loc":{"start":{"line":9,"column":72},"end":{"line":18,"column":1}},"line":9}},"branchMap":{},"s":{"0":0,"1":0,"2":0,"3":0,"4":0,"5":0},"f":{"0":0},"b":{}}
,"/home/dev/Documentos/expo/coffe-delivery/src/utils/groupDatabyType.ts": {"path":"/home/dev/Documentos/expo/coffe-delivery/src/utils/groupDatabyType.ts","statementMap":{"0":{"start":{"line":6,"column":31},"end":{"line":24,"column":1}},"1":{"start":{"line":7,"column":64},"end":{"line":7,"column":66}},"2":{"start":{"line":9,"column":2},"end":{"line":14,"column":4}},"3":{"start":{"line":10,"column":4},"end":{"line":12,"column":5}},"4":{"start":{"line":11,"column":6},"end":{"line":11,"column":33}},"5":{"start":{"line":13,"column":4},"end":{"line":13,"column":37}},"6":{"start":{"line":16,"column":37},"end":{"line":21,"column":3}},"7":{"start":{"line":17,"column":23},"end":{"line":20,"column":5}},"8":{"start":{"line":23,"column":2},"end":{"line":23,"column":16}}},"fnMap":{"0":{"name":"(anonymous_0)","decl":{"start":{"line":6,"column":31},"end":{"line":6,"column":32}},"loc":{"start":{"line":6,"column":64},"end":{"line":24,"column":1}},"line":6},"1":{"name":"(anonymous_1)","decl":{"start":{"line":9,"column":15},"end":{"line":9,"column":16}},"loc":{"start":{"line":9,"column":25},"end":{"line":14,"column":3}},"line":9},"2":{"name":"(anonymous_2)","decl":{"start":{"line":17,"column":4},"end":{"line":17,"column":5}},"loc":{"start":{"line":17,"column":23},"end":{"line":20,"column":5}},"line":17}},"branchMap":{"0":{"loc":{"start":{"line":10,"column":4},"end":{"line":12,"column":5}},"type":"if","locations":[{"start":{"line":10,"column":4},"end":{"line":12,"column":5}},{"start":{},"end":{}}],"line":10}},"s":{"0":0,"1":0,"2":0,"3":0,"4":0,"5":0,"6":0,"7":0,"8":0},"f":{"0":0,"1":0,"2":0},"b":{"0":[0,0]}}
,"/home/dev/Documentos/expo/coffe-delivery/src/utils/masks/zipCodeMask.ts": {"path":"/home/dev/Documentos/expo/coffe-delivery/src/utils/masks/zipCodeMask.ts","statementMap":{"0":{"start":{"line":1,"column":27},"end":{"line":8,"column":1}},"1":{"start":{"line":2,"column":2},"end":{"line":2,"column":38}},"2":{"start":{"line":3,"column":2},"end":{"line":5,"column":3}},"3":{"start":{"line":4,"column":4},"end":{"line":4,"column":60}},"4":{"start":{"line":7,"column":2},"end":{"line":7,"column":16}}},"fnMap":{"0":{"name":"(anonymous_0)","decl":{"start":{"line":1,"column":27},"end":{"line":1,"column":28}},"loc":{"start":{"line":1,"column":48},"end":{"line":8,"column":1}},"line":1}},"branchMap":{"0":{"loc":{"start":{"line":3,"column":2},"end":{"line":5,"column":3}},"type":"if","locations":[{"start":{"line":3,"column":2},"end":{"line":5,"column":3}},{"start":{},"end":{}}],"line":3}},"s":{"0":0,"1":0,"2":0,"3":0,"4":0},"f":{"0":0},"b":{"0":[0,0]}}
}
