{"/home/dev/Documentos/expo/coffe-delivery/src/__tests__/utils/renderWithThemeProvider.tsx": {"path":"/home/dev/Documentos/expo/coffe-delivery/src/__tests__/utils/renderWithThemeProvider.tsx","statementMap":{"0":{"start":{"line":5,"column":49},"end":{"line":9,"column":61}},"1":{"start":{"line":9,"column":6},"end":{"line":9,"column":61}}},"fnMap":{"0":{"name":"(anonymous_0)","decl":{"start":{"line":5,"column":49},"end":{"line":5,"column":50}},"loc":{"start":{"line":9,"column":6},"end":{"line":9,"column":61}},"line":9}},"branchMap":{},"s":{"0":4,"1":6},"f":{"0":6},"b":{},"_coverageSchema":"1a1c01bbd47fc00a2c39e90264f33305004495a9","hash":"26ea5971122da664a5a9c1d3dc3c323a69cc74db"}
,"/home/dev/Documentos/expo/coffe-delivery/src/components/Button/index.tsx": {"path":"/home/dev/Documentos/expo/coffe-delivery/src/components/Button/index.tsx","statementMap":{"0":{"start":{"line":10,"column":22},"end":{"line":16,"column":1}},"1":{"start":{"line":11,"column":2},"end":{"line":15,"column":3}}},"fnMap":{"0":{"name":"(anonymous_0)","decl":{"start":{"line":10,"column":22},"end":{"line":10,"column":23}},"loc":{"start":{"line":10,"column":79},"end":{"line":16,"column":1}},"line":10}},"branchMap":{"0":{"loc":{"start":{"line":10,"column":38},"end":{"line":10,"column":56}},"type":"default-arg","locations":[{"start":{"line":10,"column":51},"end":{"line":10,"column":56}}],"line":10}},"s":{"0":1,"1":2},"f":{"0":2},"b":{"0":[2]},"_coverageSchema":"1a1c01bbd47fc00a2c39e90264f33305004495a9","hash":"0a3ec21815b52f661e8c3d10bd32c85193ef79a5"}
,"/home/dev/Documentos/expo/coffe-delivery/src/components/Button/styles.ts": {"path":"/home/dev/Documentos/expo/coffe-delivery/src/components/Button/styles.ts","statementMap":{"0":{"start":{"line":7,"column":22},"end":{"line":17,"column":1}},"1":{"start":{"line":8,"column":36},"end":{"line":16,"column":3}},"2":{"start":{"line":19,"column":20},"end":{"line":26,"column":1}},"3":{"start":{"line":20,"column":19},"end":{"line":25,"column":3}}},"fnMap":{"0":{"name":"(anonymous_0)","decl":{"start":{"line":8,"column":4},"end":{"line":8,"column":5}},"loc":{"start":{"line":8,"column":36},"end":{"line":16,"column":3}},"line":8},"1":{"name":"(anonymous_1)","decl":{"start":{"line":20,"column":4},"end":{"line":20,"column":5}},"loc":{"start":{"line":20,"column":19},"end":{"line":25,"column":3}},"line":20}},"branchMap":{"0":{"loc":{"start":{"line":14,"column":15},"end":{"line":14,"column":37}},"type":"cond-expr","locations":[{"start":{"line":14,"column":26},"end":{"line":14,"column":31}},{"start":{"line":14,"column":34},"end":{"line":14,"column":37}}],"line":14},"1":{"loc":{"start":{"line":15,"column":24},"end":{"line":15,"column":52}},"type":"binary-expr","locations":[{"start":{"line":15,"column":24},"end":{"line":15,"column":29}},{"start":{"line":15,"column":33},"end":{"line":15,"column":52}}],"line":15}},"s":{"0":1,"1":2,"2":1,"3":2},"f":{"0":2,"1":2},"b":{"0":[1,1],"1":[2,2]},"_coverageSchema":"1a1c01bbd47fc00a2c39e90264f33305004495a9","hash":"8593c4a10522f8f2baef1544cd3627367d833404"}
,"/home/dev/Documentos/expo/coffe-delivery/src/components/ButtonCart/index.tsx": {"path":"/home/dev/Documentos/expo/coffe-delivery/src/components/ButtonCart/index.tsx","statementMap":{"0":{"start":{"line":13,"column":26},"end":{"line":29,"column":1}},"1":{"start":{"line":14,"column":16},"end":{"line":14,"column":26}},"2":{"start":{"line":16,"column":16},"end":{"line":18,"column":30}},"3":{"start":{"line":19,"column":2},"end":{"line":28,"column":3}}},"fnMap":{"0":{"name":"(anonymous_0)","decl":{"start":{"line":13,"column":26},"end":{"line":13,"column":27}},"loc":{"start":{"line":13,"column":78},"end":{"line":29,"column":1}},"line":13}},"branchMap":{"0":{"loc":{"start":{"line":16,"column":16},"end":{"line":18,"column":30}},"type":"cond-expr","locations":[{"start":{"line":17,"column":6},"end":{"line":17,"column":25}},{"start":{"line":18,"column":6},"end":{"line":18,"column":30}}],"line":16},"1":{"loc":{"start":{"line":21,"column":7},"end":{"line":25,"column":7}},"type":"binary-expr","locations":[{"start":{"line":21,"column":7},"end":{"line":21,"column":27}},{"start":{"line":22,"column":8},"end":{"line":24,"column":20}}],"line":21}},"s":{"0":1,"1":2,"2":2,"3":2},"f":{"0":2},"b":{"0":[1,1],"1":[2,1]},"_coverageSchema":"1a1c01bbd47fc00a2c39e90264f33305004495a9","hash":"182450fbc2529848c246f2343dc88e120255ca58"}
,"/home/dev/Documentos/expo/coffe-delivery/src/components/ButtonCart/styles.ts": {"path":"/home/dev/Documentos/expo/coffe-delivery/src/components/ButtonCart/styles.ts","statementMap":{"0":{"start":{"line":3,"column":22},"end":{"line":3,"column":47}},"1":{"start":{"line":5,"column":23},"end":{"line":15,"column":1}},"2":{"start":{"line":6,"column":37},"end":{"line":6,"column":56}},"3":{"start":{"line":16,"column":24},"end":{"line":22,"column":1}},"4":{"start":{"line":17,"column":19},"end":{"line":21,"column":3}}},"fnMap":{"0":{"name":"(anonymous_0)","decl":{"start":{"line":6,"column":22},"end":{"line":6,"column":23}},"loc":{"start":{"line":6,"column":37},"end":{"line":6,"column":56}},"line":6},"1":{"name":"(anonymous_1)","decl":{"start":{"line":17,"column":4},"end":{"line":17,"column":5}},"loc":{"start":{"line":17,"column":19},"end":{"line":21,"column":3}},"line":17}},"branchMap":{},"s":{"0":1,"1":1,"2":1,"3":1,"4":1},"f":{"0":1,"1":1},"b":{},"_coverageSchema":"1a1c01bbd47fc00a2c39e90264f33305004495a9","hash":"a9d4ab02a2b63535e6ac669c190b47df8cef81a8"}
,"/home/dev/Documentos/expo/coffe-delivery/src/components/ButtonCounter/index.tsx": {"path":"/home/dev/Documentos/expo/coffe-delivery/src/components/ButtonCounter/index.tsx","statementMap":{"0":{"start":{"line":14,"column":29},"end":{"line":36,"column":1}},"1":{"start":{"line":19,"column":16},"end":{"line":19,"column":26}},"2":{"start":{"line":21,"column":2},"end":{"line":35,"column":3}}},"fnMap":{"0":{"name":"(anonymous_0)","decl":{"start":{"line":14,"column":29},"end":{"line":14,"column":30}},"loc":{"start":{"line":18,"column":13},"end":{"line":36,"column":1}},"line":18}},"branchMap":{},"s":{"0":1,"1":1,"2":1},"f":{"0":1},"b":{},"_coverageSchema":"1a1c01bbd47fc00a2c39e90264f33305004495a9","hash":"629a7f4fee846e3fd4117fb888e21976241879d8"}
,"/home/dev/Documentos/expo/coffe-delivery/src/components/ButtonCounter/styles.ts": {"path":"/home/dev/Documentos/expo/coffe-delivery/src/components/ButtonCounter/styles.ts","statementMap":{"0":{"start":{"line":5,"column":26},"end":{"line":5,"column":69}},"1":{"start":{"line":7,"column":28},"end":{"line":13,"column":1}},"2":{"start":{"line":11,"column":37},"end":{"line":11,"column":58}},"3":{"start":{"line":14,"column":27},"end":{"line":17,"column":1}},"4":{"start":{"line":19,"column":27},"end":{"line":25,"column":1}},"5":{"start":{"line":20,"column":19},"end":{"line":24,"column":3}}},"fnMap":{"0":{"name":"(anonymous_0)","decl":{"start":{"line":11,"column":22},"end":{"line":11,"column":23}},"loc":{"start":{"line":11,"column":37},"end":{"line":11,"column":58}},"line":11},"1":{"name":"(anonymous_1)","decl":{"start":{"line":20,"column":4},"end":{"line":20,"column":5}},"loc":{"start":{"line":20,"column":19},"end":{"line":24,"column":3}},"line":20}},"branchMap":{},"s":{"0":1,"1":1,"2":1,"3":1,"4":1,"5":1},"f":{"0":1,"1":1},"b":{},"_coverageSchema":"1a1c01bbd47fc00a2c39e90264f33305004495a9","hash":"e59433868b1dc23f0cc0e70e376cc508e7c16b13"}
,"/home/dev/Documentos/expo/coffe-delivery/src/components/ButtonIcon/index.tsx": {"path":"/home/dev/Documentos/expo/coffe-delivery/src/components/ButtonIcon/index.tsx","statementMap":{"0":{"start":{"line":18,"column":26},"end":{"line":18,"column":69}},"1":{"start":{"line":20,"column":26},"end":{"line":55,"column":1}},"2":{"start":{"line":25,"column":16},"end":{"line":25,"column":26}},"3":{"start":{"line":26,"column":22},"end":{"line":26,"column":56}},"4":{"start":{"line":28,"column":30},"end":{"line":36,"column":4}},"5":{"start":{"line":29,"column":4},"end":{"line":35,"column":5}},"6":{"start":{"line":38,"column":20},"end":{"line":40,"column":3}},"7":{"start":{"line":39,"column":4},"end":{"line":39,"column":37}},"8":{"start":{"line":41,"column":21},"end":{"line":43,"column":3}},"9":{"start":{"line":42,"column":4},"end":{"line":42,"column":37}},"10":{"start":{"line":44,"column":2},"end":{"line":54,"column":3}}},"fnMap":{"0":{"name":"(anonymous_0)","decl":{"start":{"line":20,"column":26},"end":{"line":20,"column":27}},"loc":{"start":{"line":24,"column":23},"end":{"line":55,"column":1}},"line":24},"1":{"name":"(anonymous_1)","decl":{"start":{"line":28,"column":47},"end":{"line":28,"column":48}},"loc":{"start":{"line":28,"column":53},"end":{"line":36,"column":3}},"line":28},"2":{"name":"(anonymous_2)","decl":{"start":{"line":38,"column":20},"end":{"line":38,"column":21}},"loc":{"start":{"line":38,"column":26},"end":{"line":40,"column":3}},"line":38},"3":{"name":"(anonymous_3)","decl":{"start":{"line":41,"column":21},"end":{"line":41,"column":22}},"loc":{"start":{"line":41,"column":27},"end":{"line":43,"column":3}},"line":41}},"branchMap":{"0":{"loc":{"start":{"line":26,"column":37},"end":{"line":26,"column":55}},"type":"cond-expr","locations":[{"start":{"line":26,"column":50},"end":{"line":26,"column":51}},{"start":{"line":26,"column":54},"end":{"line":26,"column":55}}],"line":26}},"s":{"0":2,"1":2,"2":3,"3":3,"4":3,"5":3,"6":3,"7":0,"8":3,"9":0,"10":3},"f":{"0":3,"1":3,"2":0,"3":0},"b":{"0":[0,3]},"_coverageSchema":"1a1c01bbd47fc00a2c39e90264f33305004495a9","hash":"ab6371a84e6b7ec1b15fa1a681a86ed4e432cfcb"}
,"/home/dev/Documentos/expo/coffe-delivery/src/components/ButtonOptionsSelect/index.tsx": {"path":"/home/dev/Documentos/expo/coffe-delivery/src/components/ButtonOptionsSelect/index.tsx","statementMap":{"0":{"start":{"line":9,"column":35},"end":{"line":21,"column":1}},"1":{"start":{"line":14,"column":2},"end":{"line":20,"column":3}}},"fnMap":{"0":{"name":"(anonymous_0)","decl":{"start":{"line":9,"column":35},"end":{"line":9,"column":36}},"loc":{"start":{"line":13,"column":13},"end":{"line":21,"column":1}},"line":13}},"branchMap":{"0":{"loc":{"start":{"line":10,"column":2},"end":{"line":10,"column":20}},"type":"default-arg","locations":[{"start":{"line":10,"column":15},"end":{"line":10,"column":20}}],"line":10}},"s":{"0":1,"1":2},"f":{"0":2},"b":{"0":[1]},"_coverageSchema":"1a1c01bbd47fc00a2c39e90264f33305004495a9","hash":"b05a70867a4e6466412fe77c02c5a38e9958a579"}
,"/home/dev/Documentos/expo/coffe-delivery/src/components/ButtonOptionsSelect/styles.ts": {"path":"/home/dev/Documentos/expo/coffe-delivery/src/components/ButtonOptionsSelect/styles.ts","statementMap":{"0":{"start":{"line":8,"column":28},"end":{"line":21,"column":1}},"1":{"start":{"line":14,"column":37},"end":{"line":14,"column":58}},"2":{"start":{"line":16,"column":4},"end":{"line":20,"column":5}},"3":{"start":{"line":23,"column":26},"end":{"line":33,"column":1}},"4":{"start":{"line":24,"column":32},"end":{"line":24,"column":57}},"5":{"start":{"line":25,"column":30},"end":{"line":25,"column":48}},"6":{"start":{"line":26,"column":26},"end":{"line":26,"column":47}},"7":{"start":{"line":28,"column":4},"end":{"line":32,"column":5}},"8":{"start":{"line":31,"column":36},"end":{"line":31,"column":58}}},"fnMap":{"0":{"name":"(anonymous_0)","decl":{"start":{"line":14,"column":22},"end":{"line":14,"column":23}},"loc":{"start":{"line":14,"column":37},"end":{"line":14,"column":58}},"line":14},"1":{"name":"(anonymous_1)","decl":{"start":{"line":15,"column":4},"end":{"line":15,"column":5}},"loc":{"start":{"line":16,"column":4},"end":{"line":20,"column":5}},"line":16},"2":{"name":"(anonymous_2)","decl":{"start":{"line":24,"column":17},"end":{"line":24,"column":18}},"loc":{"start":{"line":24,"column":32},"end":{"line":24,"column":57}},"line":24},"3":{"name":"(anonymous_3)","decl":{"start":{"line":25,"column":15},"end":{"line":25,"column":16}},"loc":{"start":{"line":25,"column":30},"end":{"line":25,"column":48}},"line":25},"4":{"name":"(anonymous_4)","decl":{"start":{"line":26,"column":11},"end":{"line":26,"column":12}},"loc":{"start":{"line":26,"column":26},"end":{"line":26,"column":47}},"line":26},"5":{"name":"(anonymous_5)","decl":{"start":{"line":27,"column":4},"end":{"line":27,"column":5}},"loc":{"start":{"line":28,"column":4},"end":{"line":32,"column":5}},"line":28},"6":{"name":"(anonymous_6)","decl":{"start":{"line":31,"column":21},"end":{"line":31,"column":22}},"loc":{"start":{"line":31,"column":36},"end":{"line":31,"column":58}},"line":31}},"branchMap":{"0":{"loc":{"start":{"line":16,"column":4},"end":{"line":20,"column":5}},"type":"binary-expr","locations":[{"start":{"line":16,"column":4},"end":{"line":16,"column":14}},{"start":{"line":17,"column":4},"end":{"line":20,"column":5}}],"line":16},"1":{"loc":{"start":{"line":28,"column":4},"end":{"line":32,"column":5}},"type":"binary-expr","locations":[{"start":{"line":28,"column":4},"end":{"line":28,"column":14}},{"start":{"line":29,"column":4},"end":{"line":32,"column":5}}],"line":28}},"s":{"0":1,"1":2,"2":2,"3":1,"4":2,"5":2,"6":2,"7":2,"8":1},"f":{"0":2,"1":2,"2":2,"3":2,"4":2,"5":2,"6":1},"b":{"0":[2,1],"1":[2,1]},"_coverageSchema":"1a1c01bbd47fc00a2c39e90264f33305004495a9","hash":"6d329e30068f1c98b14a6d2b5f628b91a4506b81"}
,"/home/dev/Documentos/expo/coffe-delivery/src/components/Tag/index.tsx": {"path":"/home/dev/Documentos/expo/coffe-delivery/src/components/Tag/index.tsx","statementMap":{"0":{"start":{"line":9,"column":19},"end":{"line":17,"column":1}},"1":{"start":{"line":10,"column":2},"end":{"line":16,"column":3}}},"fnMap":{"0":{"name":"(anonymous_0)","decl":{"start":{"line":9,"column":19},"end":{"line":9,"column":20}},"loc":{"start":{"line":9,"column":72},"end":{"line":17,"column":1}},"line":9}},"branchMap":{},"s":{"0":1,"1":2},"f":{"0":2},"b":{},"_coverageSchema":"1a1c01bbd47fc00a2c39e90264f33305004495a9","hash":"d6b7619db1738b4fb807a1fc39fb42cf3039d1a8"}
,"/home/dev/Documentos/expo/coffe-delivery/src/components/Tag/styles.ts": {"path":"/home/dev/Documentos/expo/coffe-delivery/src/components/Tag/styles.ts","statementMap":{"0":{"start":{"line":8,"column":18},"end":{"line":20,"column":1}},"1":{"start":{"line":9,"column":43},"end":{"line":15,"column":3}},"2":{"start":{"line":17,"column":37},"end":{"line":19,"column":3}},"3":{"start":{"line":22,"column":26},"end":{"line":33,"column":1}},"4":{"start":{"line":25,"column":37},"end":{"line":25,"column":62}},"5":{"start":{"line":29,"column":4},"end":{"line":32,"column":5}},"6":{"start":{"line":34,"column":23},"end":{"line":45,"column":1}},"7":{"start":{"line":35,"column":32},"end":{"line":35,"column":54}},"8":{"start":{"line":36,"column":30},"end":{"line":36,"column":49}},"9":{"start":{"line":37,"column":26},"end":{"line":37,"column":50}},"10":{"start":{"line":41,"column":4},"end":{"line":44,"column":5}}},"fnMap":{"0":{"name":"(anonymous_0)","decl":{"start":{"line":9,"column":18},"end":{"line":9,"column":19}},"loc":{"start":{"line":9,"column":43},"end":{"line":15,"column":3}},"line":9},"1":{"name":"(anonymous_1)","decl":{"start":{"line":17,"column":12},"end":{"line":17,"column":13}},"loc":{"start":{"line":17,"column":37},"end":{"line":19,"column":3}},"line":17},"2":{"name":"(anonymous_2)","decl":{"start":{"line":25,"column":22},"end":{"line":25,"column":23}},"loc":{"start":{"line":25,"column":37},"end":{"line":25,"column":62}},"line":25},"3":{"name":"(anonymous_3)","decl":{"start":{"line":28,"column":4},"end":{"line":28,"column":5}},"loc":{"start":{"line":29,"column":4},"end":{"line":32,"column":5}},"line":29},"4":{"name":"(anonymous_4)","decl":{"start":{"line":35,"column":17},"end":{"line":35,"column":18}},"loc":{"start":{"line":35,"column":32},"end":{"line":35,"column":54}},"line":35},"5":{"name":"(anonymous_5)","decl":{"start":{"line":36,"column":15},"end":{"line":36,"column":16}},"loc":{"start":{"line":36,"column":30},"end":{"line":36,"column":49}},"line":36},"6":{"name":"(anonymous_6)","decl":{"start":{"line":37,"column":11},"end":{"line":37,"column":12}},"loc":{"start":{"line":37,"column":26},"end":{"line":37,"column":50}},"line":37},"7":{"name":"(anonymous_7)","decl":{"start":{"line":40,"column":4},"end":{"line":40,"column":5}},"loc":{"start":{"line":41,"column":4},"end":{"line":44,"column":5}},"line":41}},"branchMap":{"0":{"loc":{"start":{"line":29,"column":4},"end":{"line":32,"column":5}},"type":"binary-expr","locations":[{"start":{"line":29,"column":4},"end":{"line":29,"column":18}},{"start":{"line":30,"column":4},"end":{"line":32,"column":5}}],"line":29},"1":{"loc":{"start":{"line":31,"column":8},"end":{"line":31,"column":57}},"type":"binary-expr","locations":[{"start":{"line":31,"column":8},"end":{"line":31,"column":22}},{"start":{"line":31,"column":26},"end":{"line":31,"column":57}}],"line":31},"2":{"loc":{"start":{"line":41,"column":4},"end":{"line":44,"column":5}},"type":"binary-expr","locations":[{"start":{"line":41,"column":4},"end":{"line":41,"column":12}},{"start":{"line":42,"column":4},"end":{"line":44,"column":5}}],"line":41}},"s":{"0":1,"1":1,"2":1,"3":1,"4":2,"5":2,"6":1,"7":2,"8":2,"9":2,"10":2},"f":{"0":1,"1":1,"2":2,"3":2,"4":2,"5":2,"6":2,"7":2},"b":{"0":[2,1],"1":[1,1],"2":[2,1]},"_coverageSchema":"1a1c01bbd47fc00a2c39e90264f33305004495a9","hash":"c2d3c6a680e540cee6dbd0cba427874cad1f3615"}
,"/home/dev/Documentos/expo/coffe-delivery/src/styles/theme.ts": {"path":"/home/dev/Documentos/expo/coffe-delivery/src/styles/theme.ts","statementMap":{},"fnMap":{},"branchMap":{},"s":{},"f":{},"b":{},"_coverageSchema":"1a1c01bbd47fc00a2c39e90264f33305004495a9","hash":"04f3d155fa95878fe18e078985b4136aa7951a49"}
}
